<?xml version="1.0" encoding="UTF-8"?>
<coverage generated="1687281401889" clover="3.2.0">
  <project timestamp="1687281401889" name="All files">
    <metrics statements="23" coveredstatements="14" conditionals="10" coveredconditionals="4" methods="5" coveredmethods="3" elements="38" coveredelements="21" complexity="0" loc="23" ncloc="23" packages="1" files="1" classes="1"/>
    <file name="OfferDetail.jsx" path="F:\STUDIA 6\ISI\Operator\OperatorInternetowy\pai2-isi-gbnet\src\pages\Client\Offers\OfferDetail.jsx">
      <metrics statements="23" coveredstatements="14" conditionals="10" coveredconditionals="4" methods="5" coveredmethods="3"/>
      <line num="12" count="2" type="stmt"/>
      <line num="13" count="1" type="stmt"/>
      <line num="14" count="1" type="stmt"/>
      <line num="15" count="1" type="stmt"/>
      <line num="16" count="1" type="stmt"/>
      <line num="17" count="1" type="stmt"/>
      <line num="19" count="1" type="stmt"/>
      <line num="20" count="1" type="stmt"/>
      <line num="28" count="1" type="stmt"/>
      <line num="29" count="1" type="cond" truecount="1" falsecount="2"/>
      <line num="31" count="1" type="stmt"/>
      <line num="32" count="1" type="stmt"/>
      <line num="34" count="0" type="stmt"/>
      <line num="35" count="0" type="stmt"/>
      <line num="37" count="0" type="stmt"/>
      <line num="38" count="0" type="stmt"/>
      <line num="41" count="1" type="stmt"/>
      <line num="44" count="1" type="stmt"/>
      <line num="47" count="0" type="stmt"/>
      <line num="70" count="0" type="stmt"/>
      <line num="71" count="0" type="stmt"/>
      <line num="72" count="0" type="stmt"/>
      <line num="73" count="0" type="stmt"/>
    </file>
  </project>
</coverage>
