{"F:\\STUDIA 6\\ISI\\Operator\\OperatorInternetowy\\pai2-isi-gbnet\\src\\pages\\Client\\Offers\\OfferDetail.jsx": {"path":"F:\\STUDIA 6\\ISI\\Operator\\OperatorInternetowy\\pai2-isi-gbnet\\src\\pages\\Client\\Offers\\OfferDetail.jsx","statementMap":{"0":{"start":{"line":12,"column":16},"end":{"line":12,"column":31}},"1":{"start":{"line":13,"column":22},"end":{"line":13,"column":33}},"2":{"start":{"line":14,"column":28},"end":{"line":14,"column":38}},"3":{"start":{"line":15,"column":24},"end":{"line":15,"column":34}},"4":{"start":{"line":16,"column":19},"end":{"line":16,"column":32}},"5":{"start":{"line":17,"column":2},"end":{"line":42,"column":9}},"6":{"start":{"line":19,"column":19},"end":{"line":19,"column":31}},"7":{"start":{"line":20,"column":23},"end":{"line":27,"column":7}},"8":{"start":{"line":28,"column":6},"end":{"line":28,"column":30}},"9":{"start":{"line":29,"column":6},"end":{"line":39,"column":7}},"10":{"start":{"line":31,"column":10},"end":{"line":31,"column":32}},"11":{"start":{"line":32,"column":10},"end":{"line":32,"column":16}},"12":{"start":{"line":34,"column":10},"end":{"line":34,"column":26}},"13":{"start":{"line":35,"column":10},"end":{"line":35,"column":16}},"14":{"start":{"line":37,"column":10},"end":{"line":37,"column":35}},"15":{"start":{"line":38,"column":10},"end":{"line":38,"column":16}},"16":{"start":{"line":41,"column":4},"end":{"line":41,"column":37}},"17":{"start":{"line":44,"column":2},"end":{"line":101,"column":4}},"18":{"start":{"line":47,"column":44},"end":{"line":47,"column":63}},"19":{"start":{"line":70,"column":37},"end":{"line":70,"column":81}},"20":{"start":{"line":71,"column":14},"end":{"line":71,"column":47}},"21":{"start":{"line":72,"column":14},"end":{"line":72,"column":50}},"22":{"start":{"line":73,"column":16},"end":{"line":73,"column":45}}},"fnMap":{"0":{"name":"OfferDetail","decl":{"start":{"line":11,"column":24},"end":{"line":11,"column":35}},"loc":{"start":{"line":11,"column":38},"end":{"line":102,"column":1}},"line":11},"1":{"name":"(anonymous_1)","decl":{"start":{"line":17,"column":12},"end":{"line":17,"column":13}},"loc":{"start":{"line":17,"column":18},"end":{"line":42,"column":3}},"line":17},"2":{"name":"fetchData","decl":{"start":{"line":18,"column":19},"end":{"line":18,"column":28}},"loc":{"start":{"line":18,"column":31},"end":{"line":40,"column":5}},"line":18},"3":{"name":"(anonymous_3)","decl":{"start":{"line":47,"column":39},"end":{"line":47,"column":40}},"loc":{"start":{"line":47,"column":43},"end":{"line":47,"column":64}},"line":47},"4":{"name":"(anonymous_4)","decl":{"start":{"line":70,"column":31},"end":{"line":70,"column":32}},"loc":{"start":{"line":70,"column":35},"end":{"line":73,"column":47}},"line":70}},"branchMap":{"0":{"loc":{"start":{"line":29,"column":6},"end":{"line":39,"column":7}},"type":"switch","locations":[{"start":{"line":30,"column":8},"end":{"line":32,"column":16}},{"start":{"line":33,"column":8},"end":{"line":35,"column":16}},{"start":{"line":36,"column":8},"end":{"line":38,"column":16}}],"line":29},"1":{"loc":{"start":{"line":51,"column":9},"end":{"line":53,"column":9}},"type":"binary-expr","locations":[{"start":{"line":51,"column":9},"end":{"line":51,"column":12}},{"start":{"line":52,"column":10},"end":{"line":52,"column":86}}],"line":51},"2":{"loc":{"start":{"line":54,"column":9},"end":{"line":78,"column":9}},"type":"binary-expr","locations":[{"start":{"line":54,"column":9},"end":{"line":54,"column":14}},{"start":{"line":55,"column":10},"end":{"line":77,"column":16}}],"line":54},"3":{"loc":{"start":{"line":79,"column":9},"end":{"line":98,"column":9}},"type":"binary-expr","locations":[{"start":{"line":79,"column":9},"end":{"line":79,"column":14}},{"start":{"line":79,"column":18},"end":{"line":79,"column":35}},{"start":{"line":80,"column":10},"end":{"line":97,"column":16}}],"line":79}},"s":{"0":2,"1":1,"2":1,"3":1,"4":1,"5":1,"6":1,"7":1,"8":1,"9":1,"10":1,"11":1,"12":0,"13":0,"14":0,"15":0,"16":1,"17":1,"18":0,"19":0,"20":0,"21":0,"22":0},"f":{"0":2,"1":1,"2":1,"3":0,"4":0},"b":{"0":[1,0,0],"1":[1,0],"2":[1,0],"3":[1,0,0]},"_coverageSchema":"1a1c01bbd47fc00a2c39e90264f33305004495a9","hash":"e92df274b28135da65d064630545fb68e60361ad"}
}
