{"F:\\STUDIA 6\\ISI\\Operator\\OperatorInternetowy\\pai2-isi-gbnet\\src\\components\\DateFormat.jsx": {"path":"F:\\STUDIA 6\\ISI\\Operator\\OperatorInternetowy\\pai2-isi-gbnet\\src\\components\\DateFormat.jsx","statementMap":{"0":{"start":{"line":2,"column":17},"end":{"line":2,"column":37}},"1":{"start":{"line":3,"column":16},"end":{"line":3,"column":55}},"2":{"start":{"line":4,"column":18},"end":{"line":4,"column":62}},"3":{"start":{"line":5,"column":17},"end":{"line":5,"column":35}},"4":{"start":{"line":6,"column":18},"end":{"line":6,"column":58}},"5":{"start":{"line":7,"column":20},"end":{"line":7,"column":62}},"6":{"start":{"line":9,"column":4},"end":{"line":9,"column":57}}},"fnMap":{"0":{"name":"DateFormat","decl":{"start":{"line":1,"column":24},"end":{"line":1,"column":34}},"loc":{"start":{"line":1,"column":46},"end":{"line":10,"column":1}},"line":1}},"branchMap":{},"s":{"0":2,"1":2,"2":2,"3":2,"4":2,"5":2,"6":2},"f":{"0":2},"b":{},"_coverageSchema":"1a1c01bbd47fc00a2c39e90264f33305004495a9","hash":"9d8580742a5337ade5ac191bd2971f2d4d9290db"}
,"F:\\STUDIA 6\\ISI\\Operator\\OperatorInternetowy\\pai2-isi-gbnet\\src\\components\\Notifications.jsx": {"path":"F:\\STUDIA 6\\ISI\\Operator\\OperatorInternetowy\\pai2-isi-gbnet\\src\\components\\Notifications.jsx","statementMap":{"0":{"start":{"line":6,"column":43},"end":{"line":6,"column":57}},"1":{"start":{"line":7,"column":16},"end":{"line":7,"column":17}},"2":{"start":{"line":8,"column":2},"end":{"line":18,"column":9}},"3":{"start":{"line":9,"column":4},"end":{"line":17,"column":5}},"4":{"start":{"line":10,"column":23},"end":{"line":16,"column":12}},"5":{"start":{"line":11,"column":8},"end":{"line":11,"column":18}},"6":{"start":{"line":12,"column":8},"end":{"line":15,"column":9}},"7":{"start":{"line":13,"column":10},"end":{"line":13,"column":31}},"8":{"start":{"line":14,"column":10},"end":{"line":14,"column":34}},"9":{"start":{"line":19,"column":2},"end":{"line":39,"column":4}}},"fnMap":{"0":{"name":"Notifications","decl":{"start":{"line":5,"column":24},"end":{"line":5,"column":37}},"loc":{"start":{"line":5,"column":45},"end":{"line":40,"column":1}},"line":5},"1":{"name":"(anonymous_1)","decl":{"start":{"line":8,"column":12},"end":{"line":8,"column":13}},"loc":{"start":{"line":8,"column":18},"end":{"line":18,"column":3}},"line":8},"2":{"name":"(anonymous_2)","decl":{"start":{"line":10,"column":35},"end":{"line":10,"column":36}},"loc":{"start":{"line":10,"column":41},"end":{"line":16,"column":7}},"line":10}},"branchMap":{"0":{"loc":{"start":{"line":9,"column":4},"end":{"line":17,"column":5}},"type":"if","locations":[{"start":{"line":9,"column":4},"end":{"line":17,"column":5}},{"start":{},"end":{}}],"line":9},"1":{"loc":{"start":{"line":12,"column":8},"end":{"line":15,"column":9}},"type":"if","locations":[{"start":{"line":12,"column":8},"end":{"line":15,"column":9}},{"start":{},"end":{}}],"line":12},"2":{"loc":{"start":{"line":28,"column":15},"end":{"line":28,"column":61}},"type":"cond-expr","locations":[{"start":{"line":28,"column":46},"end":{"line":28,"column":53}},{"start":{"line":28,"column":56},"end":{"line":28,"column":61}}],"line":28},"3":{"loc":{"start":{"line":32,"column":11},"end":{"line":32,"column":59}},"type":"cond-expr","locations":[{"start":{"line":32,"column":42},"end":{"line":32,"column":50}},{"start":{"line":32,"column":53},"end":{"line":32,"column":59}}],"line":32}},"s":{"0":0,"1":0,"2":0,"3":0,"4":0,"5":0,"6":0,"7":0,"8":0,"9":0},"f":{"0":0,"1":0,"2":0},"b":{"0":[0,0],"1":[0,0],"2":[0,0],"3":[0,0]},"_coverageSchema":"1a1c01bbd47fc00a2c39e90264f33305004495a9","hash":"daf264f198661f512fa94d6425c06649898fe7d4"}
,"F:\\STUDIA 6\\ISI\\Operator\\OperatorInternetowy\\pai2-isi-gbnet\\src\\components\\Table.jsx": {"path":"F:\\STUDIA 6\\ISI\\Operator\\OperatorInternetowy\\pai2-isi-gbnet\\src\\components\\Table.jsx","statementMap":{"0":{"start":{"line":13,"column":18},"end":{"line":13,"column":31}},"1":{"start":{"line":14,"column":15},"end":{"line":14,"column":25}},"2":{"start":{"line":15,"column":22},"end":{"line":15,"column":23}},"3":{"start":{"line":16,"column":40},"end":{"line":16,"column":51}},"4":{"start":{"line":18,"column":21},"end":{"line":18,"column":52}},"5":{"start":{"line":19,"column":19},"end":{"line":19,"column":43}},"6":{"start":{"line":20,"column":19},"end":{"line":20,"column":32}},"7":{"start":{"line":21,"column":16},"end":{"line":21,"column":31}},"8":{"start":{"line":23,"column":21},"end":{"line":25,"column":3}},"9":{"start":{"line":24,"column":4},"end":{"line":24,"column":25}},"10":{"start":{"line":27,"column":38},"end":{"line":29,"column":3}},"11":{"start":{"line":30,"column":38},"end":{"line":30,"column":50}},"12":{"start":{"line":31,"column":36},"end":{"line":31,"column":60}},"13":{"start":{"line":32,"column":36},"end":{"line":32,"column":51}},"14":{"start":{"line":33,"column":42},"end":{"line":33,"column":56}},"15":{"start":{"line":36,"column":2},"end":{"line":64,"column":19}},"16":{"start":{"line":37,"column":16},"end":{"line":61,"column":6}},"17":{"start":{"line":38,"column":6},"end":{"line":60,"column":7}},"18":{"start":{"line":39,"column":8},"end":{"line":39,"column":20}},"19":{"start":{"line":41,"column":28},"end":{"line":45,"column":9}},"20":{"start":{"line":43,"column":12},"end":{"line":44,"column":77}},"21":{"start":{"line":46,"column":22},"end":{"line":52,"column":16}},"22":{"start":{"line":47,"column":10},"end":{"line":51,"column":11}},"23":{"start":{"line":49,"column":14},"end":{"line":50,"column":79}},"24":{"start":{"line":53,"column":8},"end":{"line":57,"column":9}},"25":{"start":{"line":54,"column":10},"end":{"line":54,"column":56}},"26":{"start":{"line":56,"column":10},"end":{"line":56,"column":27}},"27":{"start":{"line":59,"column":8},"end":{"line":59,"column":27}},"28":{"start":{"line":63,"column":4},"end":{"line":63,"column":25}},"29":{"start":{"line":66,"column":2},"end":{"line":80,"column":5}},"30":{"start":{"line":67,"column":18},"end":{"line":73,"column":12}},"31":{"start":{"line":68,"column":6},"end":{"line":72,"column":7}},"32":{"start":{"line":70,"column":10},"end":{"line":71,"column":75}},"33":{"start":{"line":75,"column":4},"end":{"line":79,"column":5}},"34":{"start":{"line":76,"column":6},"end":{"line":76,"column":52}},"35":{"start":{"line":78,"column":6},"end":{"line":78,"column":23}},"36":{"start":{"line":82,"column":27},"end":{"line":102,"column":3}},"37":{"start":{"line":83,"column":23},"end":{"line":99,"column":6}},"38":{"start":{"line":84,"column":21},"end":{"line":84,"column":29}},"39":{"start":{"line":85,"column":21},"end":{"line":85,"column":29}},"40":{"start":{"line":87,"column":6},"end":{"line":98,"column":7}},"41":{"start":{"line":88,"column":8},"end":{"line":88,"column":61}},"42":{"start":{"line":88,"column":29},"end":{"line":88,"column":61}},"43":{"start":{"line":89,"column":8},"end":{"line":89,"column":61}},"44":{"start":{"line":89,"column":29},"end":{"line":89,"column":61}},"45":{"start":{"line":90,"column":8},"end":{"line":90,"column":17}},"46":{"start":{"line":92,"column":26},"end":{"line":92,"column":58}},"47":{"start":{"line":93,"column":26},"end":{"line":93,"column":58}},"48":{"start":{"line":95,"column":8},"end":{"line":95,"column":67}},"49":{"start":{"line":95,"column":35},"end":{"line":95,"column":67}},"50":{"start":{"line":96,"column":8},"end":{"line":96,"column":67}},"51":{"start":{"line":96,"column":35},"end":{"line":96,"column":67}},"52":{"start":{"line":97,"column":8},"end":{"line":97,"column":17}},"53":{"start":{"line":101,"column":4},"end":{"line":101,"column":32}},"54":{"start":{"line":105,"column":2},"end":{"line":107,"column":29}},"55":{"start":{"line":106,"column":4},"end":{"line":106,"column":43}},"56":{"start":{"line":109,"column":2},"end":{"line":326,"column":4}},"57":{"start":{"line":116,"column":27},"end":{"line":116,"column":56}},"58":{"start":{"line":123,"column":12},"end":{"line":123,"column":41}},"59":{"start":{"line":128,"column":32},"end":{"line":128,"column":51}},"60":{"start":{"line":130,"column":14},"end":{"line":132,"column":23}},"61":{"start":{"line":139,"column":12},"end":{"line":139,"column":41}},"62":{"start":{"line":151,"column":14},"end":{"line":161,"column":19}},"63":{"start":{"line":168,"column":33},"end":{"line":168,"column":49}},"64":{"start":{"line":169,"column":14},"end":{"line":299,"column":16}},"65":{"start":{"line":172,"column":34},"end":{"line":172,"column":48}},"66":{"start":{"line":173,"column":20},"end":{"line":183,"column":24}},"67":{"start":{"line":174,"column":22},"end":{"line":183,"column":24}},"68":{"start":{"line":190,"column":26},"end":{"line":190,"column":53}},"69":{"start":{"line":203,"column":28},"end":{"line":235,"column":29}},"70":{"start":{"line":205,"column":50},"end":{"line":212,"column":31}},"71":{"start":{"line":213,"column":30},"end":{"line":214,"column":40}},"72":{"start":{"line":215,"column":46},"end":{"line":218,"column":31}},"73":{"start":{"line":219,"column":30},"end":{"line":222,"column":32}},"74":{"start":{"line":223,"column":30},"end":{"line":223,"column":71}},"75":{"start":{"line":226,"column":30},"end":{"line":227,"column":40}},"76":{"start":{"line":228,"column":48},"end":{"line":233,"column":34}},"77":{"start":{"line":234,"column":32},"end":{"line":234,"column":56}},"78":{"start":{"line":259,"column":28},"end":{"line":260,"column":38}},"79":{"start":{"line":261,"column":45},"end":{"line":274,"column":29}},"80":{"start":{"line":276,"column":40},"end":{"line":278,"column":29}},"81":{"start":{"line":281,"column":41},"end":{"line":281,"column":68}},"82":{"start":{"line":282,"column":28},"end":{"line":282,"column":44}},"83":{"start":{"line":283,"column":28},"end":{"line":283,"column":73}},"84":{"start":{"line":286,"column":28},"end":{"line":286,"column":60}},"85":{"start":{"line":287,"column":28},"end":{"line":287,"column":41}},"86":{"start":{"line":290,"column":28},"end":{"line":290,"column":60}},"87":{"start":{"line":308,"column":25},"end":{"line":308,"column":52}},"88":{"start":{"line":319,"column":25},"end":{"line":319,"column":52}}},"fnMap":{"0":{"name":"Table","decl":{"start":{"line":12,"column":24},"end":{"line":12,"column":29}},"loc":{"start":{"line":12,"column":37},"end":{"line":327,"column":1}},"line":12},"1":{"name":"(anonymous_1)","decl":{"start":{"line":23,"column":21},"end":{"line":23,"column":22}},"loc":{"start":{"line":23,"column":31},"end":{"line":25,"column":3}},"line":23},"2":{"name":"(anonymous_2)","decl":{"start":{"line":36,"column":12},"end":{"line":36,"column":13}},"loc":{"start":{"line":36,"column":18},"end":{"line":64,"column":3}},"line":36},"3":{"name":"(anonymous_3)","decl":{"start":{"line":37,"column":28},"end":{"line":37,"column":29}},"loc":{"start":{"line":37,"column":37},"end":{"line":61,"column":5}},"line":37},"4":{"name":"(anonymous_4)","decl":{"start":{"line":42,"column":10},"end":{"line":42,"column":11}},"loc":{"start":{"line":43,"column":12},"end":{"line":44,"column":77}},"line":43},"5":{"name":"(anonymous_5)","decl":{"start":{"line":46,"column":34},"end":{"line":46,"column":35}},"loc":{"start":{"line":47,"column":10},"end":{"line":51,"column":11}},"line":47},"6":{"name":"(anonymous_6)","decl":{"start":{"line":48,"column":12},"end":{"line":48,"column":13}},"loc":{"start":{"line":49,"column":14},"end":{"line":50,"column":79}},"line":49},"7":{"name":"(anonymous_7)","decl":{"start":{"line":66,"column":12},"end":{"line":66,"column":13}},"loc":{"start":{"line":66,"column":18},"end":{"line":80,"column":3}},"line":66},"8":{"name":"(anonymous_8)","decl":{"start":{"line":67,"column":30},"end":{"line":67,"column":31}},"loc":{"start":{"line":68,"column":6},"end":{"line":72,"column":7}},"line":68},"9":{"name":"(anonymous_9)","decl":{"start":{"line":69,"column":8},"end":{"line":69,"column":9}},"loc":{"start":{"line":70,"column":10},"end":{"line":71,"column":75}},"line":70},"10":{"name":"(anonymous_10)","decl":{"start":{"line":82,"column":27},"end":{"line":82,"column":28}},"loc":{"start":{"line":82,"column":45},"end":{"line":102,"column":3}},"line":82},"11":{"name":"(anonymous_11)","decl":{"start":{"line":83,"column":47},"end":{"line":83,"column":48}},"loc":{"start":{"line":83,"column":57},"end":{"line":99,"column":5}},"line":83},"12":{"name":"(anonymous_12)","decl":{"start":{"line":105,"column":12},"end":{"line":105,"column":13}},"loc":{"start":{"line":105,"column":18},"end":{"line":107,"column":3}},"line":105},"13":{"name":"(anonymous_13)","decl":{"start":{"line":116,"column":20},"end":{"line":116,"column":21}},"loc":{"start":{"line":116,"column":27},"end":{"line":116,"column":56}},"line":116},"14":{"name":"(anonymous_14)","decl":{"start":{"line":122,"column":20},"end":{"line":122,"column":21}},"loc":{"start":{"line":122,"column":27},"end":{"line":124,"column":11}},"line":122},"15":{"name":"(anonymous_15)","decl":{"start":{"line":128,"column":20},"end":{"line":128,"column":21}},"loc":{"start":{"line":128,"column":32},"end":{"line":128,"column":51}},"line":128},"16":{"name":"(anonymous_16)","decl":{"start":{"line":129,"column":17},"end":{"line":129,"column":18}},"loc":{"start":{"line":130,"column":14},"end":{"line":132,"column":23}},"line":130},"17":{"name":"(anonymous_17)","decl":{"start":{"line":138,"column":20},"end":{"line":138,"column":21}},"loc":{"start":{"line":138,"column":27},"end":{"line":140,"column":11}},"line":138},"18":{"name":"(anonymous_18)","decl":{"start":{"line":150,"column":25},"end":{"line":150,"column":26}},"loc":{"start":{"line":151,"column":14},"end":{"line":161,"column":19}},"line":151},"19":{"name":"(anonymous_19)","decl":{"start":{"line":167,"column":57},"end":{"line":167,"column":58}},"loc":{"start":{"line":167,"column":73},"end":{"line":300,"column":13}},"line":167},"20":{"name":"(anonymous_20)","decl":{"start":{"line":171,"column":34},"end":{"line":171,"column":35}},"loc":{"start":{"line":171,"column":60},"end":{"line":184,"column":19}},"line":171},"21":{"name":"(anonymous_21)","decl":{"start":{"line":189,"column":33},"end":{"line":189,"column":34}},"loc":{"start":{"line":189,"column":39},"end":{"line":191,"column":25}},"line":189},"22":{"name":"(anonymous_22)","decl":{"start":{"line":202,"column":35},"end":{"line":202,"column":36}},"loc":{"start":{"line":202,"column":47},"end":{"line":237,"column":27}},"line":202},"23":{"name":"(anonymous_23)","decl":{"start":{"line":258,"column":35},"end":{"line":258,"column":36}},"loc":{"start":{"line":258,"column":47},"end":{"line":291,"column":27}},"line":258},"24":{"name":"(anonymous_24)","decl":{"start":{"line":308,"column":19},"end":{"line":308,"column":20}},"loc":{"start":{"line":308,"column":25},"end":{"line":308,"column":52}},"line":308},"25":{"name":"(anonymous_25)","decl":{"start":{"line":319,"column":19},"end":{"line":319,"column":20}},"loc":{"start":{"line":319,"column":25},"end":{"line":319,"column":52}},"line":319}},"branchMap":{"0":{"loc":{"start":{"line":38,"column":6},"end":{"line":60,"column":7}},"type":"if","locations":[{"start":{"line":38,"column":6},"end":{"line":60,"column":7}},{"start":{"line":40,"column":13},"end":{"line":60,"column":7}}],"line":38},"1":{"loc":{"start":{"line":43,"column":12},"end":{"line":44,"column":77}},"type":"binary-expr","locations":[{"start":{"line":43,"column":12},"end":{"line":43,"column":17}},{"start":{"line":44,"column":12},"end":{"line":44,"column":77}}],"line":43},"2":{"loc":{"start":{"line":49,"column":14},"end":{"line":50,"column":79}},"type":"binary-expr","locations":[{"start":{"line":49,"column":14},"end":{"line":49,"column":19}},{"start":{"line":50,"column":14},"end":{"line":50,"column":79}}],"line":49},"3":{"loc":{"start":{"line":53,"column":8},"end":{"line":57,"column":9}},"type":"if","locations":[{"start":{"line":53,"column":8},"end":{"line":57,"column":9}},{"start":{"line":55,"column":15},"end":{"line":57,"column":9}}],"line":53},"4":{"loc":{"start":{"line":70,"column":10},"end":{"line":71,"column":75}},"type":"binary-expr","locations":[{"start":{"line":70,"column":10},"end":{"line":70,"column":15}},{"start":{"line":71,"column":10},"end":{"line":71,"column":75}}],"line":70},"5":{"loc":{"start":{"line":75,"column":4},"end":{"line":79,"column":5}},"type":"if","locations":[{"start":{"line":75,"column":4},"end":{"line":79,"column":5}},{"start":{"line":77,"column":11},"end":{"line":79,"column":5}}],"line":75},"6":{"loc":{"start":{"line":87,"column":6},"end":{"line":98,"column":7}},"type":"if","locations":[{"start":{"line":87,"column":6},"end":{"line":98,"column":7}},{"start":{"line":91,"column":13},"end":{"line":98,"column":7}}],"line":87},"7":{"loc":{"start":{"line":87,"column":10},"end":{"line":87,"column":66}},"type":"binary-expr","locations":[{"start":{"line":87,"column":10},"end":{"line":87,"column":36}},{"start":{"line":87,"column":40},"end":{"line":87,"column":66}}],"line":87},"8":{"loc":{"start":{"line":88,"column":8},"end":{"line":88,"column":61}},"type":"if","locations":[{"start":{"line":88,"column":8},"end":{"line":88,"column":61}},{"start":{},"end":{}}],"line":88},"9":{"loc":{"start":{"line":88,"column":36},"end":{"line":88,"column":60}},"type":"cond-expr","locations":[{"start":{"line":88,"column":54},"end":{"line":88,"column":56}},{"start":{"line":88,"column":59},"end":{"line":88,"column":60}}],"line":88},"10":{"loc":{"start":{"line":89,"column":8},"end":{"line":89,"column":61}},"type":"if","locations":[{"start":{"line":89,"column":8},"end":{"line":89,"column":61}},{"start":{},"end":{}}],"line":89},"11":{"loc":{"start":{"line":89,"column":36},"end":{"line":89,"column":60}},"type":"cond-expr","locations":[{"start":{"line":89,"column":54},"end":{"line":89,"column":55}},{"start":{"line":89,"column":58},"end":{"line":89,"column":60}}],"line":89},"12":{"loc":{"start":{"line":95,"column":8},"end":{"line":95,"column":67}},"type":"if","locations":[{"start":{"line":95,"column":8},"end":{"line":95,"column":67}},{"start":{},"end":{}}],"line":95},"13":{"loc":{"start":{"line":95,"column":42},"end":{"line":95,"column":66}},"type":"cond-expr","locations":[{"start":{"line":95,"column":60},"end":{"line":95,"column":62}},{"start":{"line":95,"column":65},"end":{"line":95,"column":66}}],"line":95},"14":{"loc":{"start":{"line":96,"column":8},"end":{"line":96,"column":67}},"type":"if","locations":[{"start":{"line":96,"column":8},"end":{"line":96,"column":67}},{"start":{},"end":{}}],"line":96},"15":{"loc":{"start":{"line":96,"column":42},"end":{"line":96,"column":66}},"type":"cond-expr","locations":[{"start":{"line":96,"column":60},"end":{"line":96,"column":61}},{"start":{"line":96,"column":64},"end":{"line":96,"column":66}}],"line":96},"16":{"loc":{"start":{"line":166,"column":11},"end":{"line":300,"column":14}},"type":"binary-expr","locations":[{"start":{"line":166,"column":11},"end":{"line":166,"column":23}},{"start":{"line":167,"column":12},"end":{"line":300,"column":14}}],"line":166},"17":{"loc":{"start":{"line":173,"column":20},"end":{"line":183,"column":24}},"type":"if","locations":[{"start":{"line":173,"column":20},"end":{"line":183,"column":24}},{"start":{},"end":{}}],"line":173},"18":{"loc":{"start":{"line":185,"column":19},"end":{"line":297,"column":19}},"type":"cond-expr","locations":[{"start":{"line":186,"column":20},"end":{"line":195,"column":25}},{"start":{"line":197,"column":20},"end":{"line":296,"column":23}}],"line":185},"19":{"loc":{"start":{"line":203,"column":28},"end":{"line":235,"column":29}},"type":"if","locations":[{"start":{"line":203,"column":28},"end":{"line":235,"column":29}},{"start":{"line":225,"column":32},"end":{"line":235,"column":29}}],"line":203},"20":{"loc":{"start":{"line":239,"column":27},"end":{"line":251,"column":29}},"type":"cond-expr","locations":[{"start":{"line":239,"column":45},"end":{"line":245,"column":28}},{"start":{"line":245,"column":31},"end":{"line":251,"column":28}}],"line":239},"21":{"loc":{"start":{"line":241,"column":30},"end":{"line":243,"column":49}},"type":"cond-expr","locations":[{"start":{"line":242,"column":34},"end":{"line":242,"column":49}},{"start":{"line":243,"column":34},"end":{"line":243,"column":49}}],"line":241},"22":{"loc":{"start":{"line":247,"column":30},"end":{"line":249,"column":49}},"type":"cond-expr","locations":[{"start":{"line":248,"column":34},"end":{"line":248,"column":49}},{"start":{"line":249,"column":34},"end":{"line":249,"column":49}}],"line":247}},"s":{"0":4,"1":4,"2":4,"3":4,"4":4,"5":4,"6":4,"7":4,"8":4,"9":0,"10":4,"11":4,"12":4,"13":4,"14":4,"15":4,"16":2,"17":2,"18":2,"19":0,"20":0,"21":0,"22":0,"23":0,"24":0,"25":0,"26":0,"27":0,"28":2,"29":4,"30":4,"31":4,"32":4,"33":4,"34":4,"35":0,"36":4,"37":2,"38":0,"39":0,"40":0,"41":0,"42":0,"43":0,"44":0,"45":0,"46":0,"47":0,"48":0,"49":0,"50":0,"51":0,"52":0,"53":2,"54":4,"55":2,"56":4,"57":0,"58":0,"59":16,"60":12,"61":0,"62":16,"63":4,"64":4,"65":16,"66":16,"67":12,"68":0,"69":0,"70":0,"71":0,"72":0,"73":0,"74":0,"75":0,"76":0,"77":0,"78":0,"79":0,"80":0,"81":0,"82":0,"83":0,"84":0,"85":0,"86":0,"87":0,"88":0},"f":{"0":4,"1":0,"2":2,"3":2,"4":0,"5":0,"6":0,"7":4,"8":4,"9":4,"10":2,"11":0,"12":2,"13":0,"14":0,"15":16,"16":12,"17":0,"18":16,"19":4,"20":16,"21":0,"22":0,"23":0,"24":0,"25":0},"b":{"0":[2,0],"1":[0,0],"2":[0,0],"3":[0,0],"4":[4,4],"5":[4,0],"6":[0,0],"7":[0,0],"8":[0,0],"9":[0,0],"10":[0,0],"11":[0,0],"12":[0,0],"13":[0,0],"14":[0,0],"15":[0,0],"16":[4,4],"17":[12,4],"18":[4,0],"19":[0,0],"20":[0,0],"21":[0,0],"22":[0,0]},"_coverageSchema":"1a1c01bbd47fc00a2c39e90264f33305004495a9","hash":"0c5f641ec3a6dedc709fbaa46d81cfb537807b12"}
,"F:\\STUDIA 6\\ISI\\Operator\\OperatorInternetowy\\pai2-isi-gbnet\\src\\pages\\LoginPage.jsx": {"path":"F:\\STUDIA 6\\ISI\\Operator\\OperatorInternetowy\\pai2-isi-gbnet\\src\\pages\\LoginPage.jsx","statementMap":{"0":{"start":{"line":10,"column":40},"end":{"line":10,"column":55}},"1":{"start":{"line":11,"column":19},"end":{"line":11,"column":27}},"2":{"start":{"line":12,"column":22},"end":{"line":12,"column":30}},"3":{"start":{"line":13,"column":17},"end":{"line":13,"column":28}},"4":{"start":{"line":14,"column":19},"end":{"line":14,"column":32}},"5":{"start":{"line":15,"column":34},"end":{"line":15,"column":46}},"6":{"start":{"line":16,"column":48},"end":{"line":16,"column":60}},"7":{"start":{"line":17,"column":38},"end":{"line":17,"column":53}},"8":{"start":{"line":18,"column":36},"end":{"line":18,"column":51}},"9":{"start":{"line":20,"column":18},"end":{"line":20,"column":26}},"10":{"start":{"line":21,"column":22},"end":{"line":21,"column":30}},"11":{"start":{"line":22,"column":18},"end":{"line":22,"column":26}},"12":{"start":{"line":23,"column":19},"end":{"line":23,"column":27}},"13":{"start":{"line":24,"column":29},"end":{"line":24,"column":37}},"14":{"start":{"line":25,"column":19},"end":{"line":25,"column":27}},"15":{"start":{"line":26,"column":22},"end":{"line":26,"column":30}},"16":{"start":{"line":27,"column":17},"end":{"line":27,"column":25}},"17":{"start":{"line":30,"column":4},"end":{"line":30,"column":23}},"18":{"start":{"line":31,"column":17},"end":{"line":41,"column":5}},"19":{"start":{"line":42,"column":19},"end":{"line":42,"column":75}},"20":{"start":{"line":43,"column":21},"end":{"line":43,"column":51}},"21":{"start":{"line":44,"column":4},"end":{"line":61,"column":5}},"22":{"start":{"line":46,"column":18},"end":{"line":46,"column":67}},"23":{"start":{"line":48,"column":22},"end":{"line":51,"column":7}},"24":{"start":{"line":52,"column":6},"end":{"line":56,"column":7}},"25":{"start":{"line":53,"column":8},"end":{"line":53,"column":35}},"26":{"start":{"line":55,"column":8},"end":{"line":55,"column":27}},"27":{"start":{"line":58,"column":6},"end":{"line":58,"column":75}},"28":{"start":{"line":59,"column":6},"end":{"line":59,"column":49}},"29":{"start":{"line":60,"column":6},"end":{"line":60,"column":31}},"30":{"start":{"line":63,"column":26},"end":{"line":63,"column":38}},"31":{"start":{"line":65,"column":4},"end":{"line":65,"column":27}},"32":{"start":{"line":67,"column":4},"end":{"line":95,"column":5}},"33":{"start":{"line":68,"column":19},"end":{"line":71,"column":7}},"34":{"start":{"line":72,"column":21},"end":{"line":72,"column":67}},"35":{"start":{"line":73,"column":23},"end":{"line":75,"column":7}},"36":{"start":{"line":76,"column":6},"end":{"line":81,"column":9}},"37":{"start":{"line":83,"column":6},"end":{"line":85,"column":36}},"38":{"start":{"line":87,"column":23},"end":{"line":87,"column":41}},"39":{"start":{"line":89,"column":6},"end":{"line":92,"column":32}},"40":{"start":{"line":91,"column":8},"end":{"line":91,"column":26}},"41":{"start":{"line":92,"column":13},"end":{"line":92,"column":32}},"42":{"start":{"line":94,"column":6},"end":{"line":94,"column":27}},"43":{"start":{"line":97,"column":2},"end":{"line":360,"column":4}},"44":{"start":{"line":174,"column":35},"end":{"line":174,"column":62}},"45":{"start":{"line":194,"column":35},"end":{"line":194,"column":69}},"46":{"start":{"line":250,"column":20},"end":{"line":250,"column":47}},"47":{"start":{"line":261,"column":18},"end":{"line":261,"column":40}},"48":{"start":{"line":320,"column":20},"end":{"line":320,"column":41}}},"fnMap":{"0":{"name":"LoginPage","decl":{"start":{"line":9,"column":24},"end":{"line":9,"column":33}},"loc":{"start":{"line":9,"column":36},"end":{"line":361,"column":1}},"line":9},"1":{"name":"handleSubmit","decl":{"start":{"line":29,"column":17},"end":{"line":29,"column":29}},"loc":{"start":{"line":29,"column":33},"end":{"line":62,"column":3}},"line":29},"2":{"name":"handleLogin","decl":{"start":{"line":64,"column":17},"end":{"line":64,"column":28}},"loc":{"start":{"line":64,"column":36},"end":{"line":96,"column":3}},"line":64},"3":{"name":"(anonymous_3)","decl":{"start":{"line":174,"column":28},"end":{"line":174,"column":29}},"loc":{"start":{"line":174,"column":35},"end":{"line":174,"column":62}},"line":174},"4":{"name":"(anonymous_4)","decl":{"start":{"line":194,"column":28},"end":{"line":194,"column":29}},"loc":{"start":{"line":194,"column":35},"end":{"line":194,"column":69}},"line":194},"5":{"name":"(anonymous_5)","decl":{"start":{"line":249,"column":28},"end":{"line":249,"column":29}},"loc":{"start":{"line":249,"column":34},"end":{"line":251,"column":19}},"line":249},"6":{"name":"(anonymous_6)","decl":{"start":{"line":260,"column":25},"end":{"line":260,"column":26}},"loc":{"start":{"line":260,"column":31},"end":{"line":262,"column":17}},"line":260},"7":{"name":"(anonymous_7)","decl":{"start":{"line":319,"column":27},"end":{"line":319,"column":28}},"loc":{"start":{"line":319,"column":33},"end":{"line":321,"column":19}},"line":319}},"branchMap":{"0":{"loc":{"start":{"line":38,"column":11},"end":{"line":38,"column":51}},"type":"cond-expr","locations":[{"start":{"line":38,"column":24},"end":{"line":38,"column":44}},{"start":{"line":38,"column":47},"end":{"line":38,"column":51}}],"line":38},"1":{"loc":{"start":{"line":44,"column":4},"end":{"line":61,"column":5}},"type":"if","locations":[{"start":{"line":44,"column":4},"end":{"line":61,"column":5}},{"start":{},"end":{}}],"line":44},"2":{"loc":{"start":{"line":52,"column":6},"end":{"line":56,"column":7}},"type":"if","locations":[{"start":{"line":52,"column":6},"end":{"line":56,"column":7}},{"start":{"line":54,"column":13},"end":{"line":56,"column":7}}],"line":52},"3":{"loc":{"start":{"line":89,"column":6},"end":{"line":92,"column":32}},"type":"if","locations":[{"start":{"line":89,"column":6},"end":{"line":92,"column":32}},{"start":{"line":92,"column":13},"end":{"line":92,"column":32}}],"line":89},"4":{"loc":{"start":{"line":99,"column":7},"end":{"line":358,"column":7}},"type":"cond-expr","locations":[{"start":{"line":100,"column":8},"end":{"line":284,"column":14}},{"start":{"line":286,"column":8},"end":{"line":356,"column":15}}],"line":99},"5":{"loc":{"start":{"line":185,"column":19},"end":{"line":189,"column":26}},"type":"cond-expr","locations":[{"start":{"line":186,"column":20},"end":{"line":188,"column":24}},{"start":{"line":189,"column":22},"end":{"line":189,"column":26}}],"line":185},"6":{"loc":{"start":{"line":185,"column":19},"end":{"line":185,"column":76}},"type":"binary-expr","locations":[{"start":{"line":185,"column":19},"end":{"line":185,"column":45}},{"start":{"line":185,"column":49},"end":{"line":185,"column":76}}],"line":185},"7":{"loc":{"start":{"line":197,"column":20},"end":{"line":199,"column":58}},"type":"cond-expr","locations":[{"start":{"line":198,"column":24},"end":{"line":198,"column":56}},{"start":{"line":199,"column":24},"end":{"line":199,"column":58}}],"line":197},"8":{"loc":{"start":{"line":197,"column":20},"end":{"line":197,"column":77}},"type":"binary-expr","locations":[{"start":{"line":197,"column":20},"end":{"line":197,"column":46}},{"start":{"line":197,"column":50},"end":{"line":197,"column":77}}],"line":197},"9":{"loc":{"start":{"line":223,"column":28},"end":{"line":223,"column":53}},"type":"cond-expr","locations":[{"start":{"line":223,"column":41},"end":{"line":223,"column":45}},{"start":{"line":223,"column":48},"end":{"line":223,"column":53}}],"line":223},"10":{"loc":{"start":{"line":350,"column":15},"end":{"line":352,"column":27}},"type":"cond-expr","locations":[{"start":{"line":350,"column":21},"end":{"line":352,"column":21}},{"start":{"line":352,"column":23},"end":{"line":352,"column":27}}],"line":350}},"s":{"0":9,"1":8,"2":8,"3":8,"4":8,"5":8,"6":8,"7":8,"8":8,"9":8,"10":8,"11":8,"12":8,"13":8,"14":8,"15":8,"16":8,"17":0,"18":0,"19":0,"20":0,"21":0,"22":0,"23":0,"24":0,"25":0,"26":0,"27":0,"28":0,"29":0,"30":8,"31":1,"32":1,"33":1,"34":1,"35":1,"36":0,"37":0,"38":0,"39":0,"40":0,"41":0,"42":0,"43":8,"44":0,"45":0,"46":0,"47":1,"48":2},"f":{"0":9,"1":0,"2":1,"3":0,"4":0,"5":0,"6":1,"7":2},"b":{"0":[0,0],"1":[0,0],"2":[0,0],"3":[0,0],"4":[2,6],"5":[0,2],"6":[2,0],"7":[0,2],"8":[2,0],"9":[0,2],"10":[1,5]},"_coverageSchema":"1a1c01bbd47fc00a2c39e90264f33305004495a9","hash":"194ae4a76c16b871ba0a52d40fbe6104487fac47"}
,"F:\\STUDIA 6\\ISI\\Operator\\OperatorInternetowy\\pai2-isi-gbnet\\src\\pages\\Admin\\AdminLayout.jsx": {"path":"F:\\STUDIA 6\\ISI\\Operator\\OperatorInternetowy\\pai2-isi-gbnet\\src\\pages\\Admin\\AdminLayout.jsx","statementMap":{"0":{"start":{"line":26,"column":38},"end":{"line":26,"column":53}},"1":{"start":{"line":28,"column":26},"end":{"line":32,"column":3}},"2":{"start":{"line":29,"column":4},"end":{"line":29,"column":28}},"3":{"start":{"line":30,"column":4},"end":{"line":30,"column":31}},"4":{"start":{"line":31,"column":4},"end":{"line":31,"column":31}},"5":{"start":{"line":34,"column":2},"end":{"line":56,"column":4}},"6":{"start":{"line":48,"column":10},"end":{"line":53,"column":12}},"7":{"start":{"line":60,"column":44},"end":{"line":60,"column":54}},"8":{"start":{"line":61,"column":19},"end":{"line":61,"column":32}},"9":{"start":{"line":62,"column":18},"end":{"line":62,"column":30}},"10":{"start":{"line":64,"column":26},"end":{"line":96,"column":3}},"11":{"start":{"line":65,"column":4},"end":{"line":95,"column":5}},"12":{"start":{"line":66,"column":6},"end":{"line":66,"column":20}},"13":{"start":{"line":67,"column":6},"end":{"line":67,"column":26}},"14":{"start":{"line":68,"column":11},"end":{"line":95,"column":5}},"15":{"start":{"line":69,"column":6},"end":{"line":69,"column":20}},"16":{"start":{"line":70,"column":6},"end":{"line":70,"column":28}},"17":{"start":{"line":71,"column":11},"end":{"line":95,"column":5}},"18":{"start":{"line":72,"column":6},"end":{"line":72,"column":20}},"19":{"start":{"line":73,"column":6},"end":{"line":73,"column":28}},"20":{"start":{"line":74,"column":11},"end":{"line":95,"column":5}},"21":{"start":{"line":75,"column":6},"end":{"line":75,"column":20}},"22":{"start":{"line":76,"column":6},"end":{"line":76,"column":30}},"23":{"start":{"line":77,"column":11},"end":{"line":95,"column":5}},"24":{"start":{"line":78,"column":6},"end":{"line":78,"column":20}},"25":{"start":{"line":79,"column":6},"end":{"line":79,"column":27}},"26":{"start":{"line":80,"column":11},"end":{"line":95,"column":5}},"27":{"start":{"line":81,"column":6},"end":{"line":81,"column":20}},"28":{"start":{"line":82,"column":6},"end":{"line":82,"column":29}},"29":{"start":{"line":83,"column":11},"end":{"line":95,"column":5}},"30":{"start":{"line":84,"column":6},"end":{"line":84,"column":20}},"31":{"start":{"line":85,"column":6},"end":{"line":85,"column":25}},"32":{"start":{"line":86,"column":11},"end":{"line":95,"column":5}},"33":{"start":{"line":87,"column":6},"end":{"line":87,"column":20}},"34":{"start":{"line":88,"column":6},"end":{"line":88,"column":27}},"35":{"start":{"line":89,"column":11},"end":{"line":95,"column":5}},"36":{"start":{"line":90,"column":6},"end":{"line":90,"column":20}},"37":{"start":{"line":91,"column":6},"end":{"line":91,"column":26}},"38":{"start":{"line":92,"column":11},"end":{"line":95,"column":5}},"39":{"start":{"line":93,"column":6},"end":{"line":93,"column":20}},"40":{"start":{"line":94,"column":6},"end":{"line":94,"column":32}},"41":{"start":{"line":97,"column":16},"end":{"line":97,"column":31}},"42":{"start":{"line":98,"column":19},"end":{"line":98,"column":31}},"43":{"start":{"line":99,"column":31},"end":{"line":99,"column":46}},"44":{"start":{"line":100,"column":2},"end":{"line":104,"column":7}},"45":{"start":{"line":101,"column":4},"end":{"line":103,"column":5}},"46":{"start":{"line":102,"column":6},"end":{"line":102,"column":22}},"47":{"start":{"line":105,"column":2},"end":{"line":110,"column":9}},"48":{"start":{"line":106,"column":16},"end":{"line":106,"column":65}},"49":{"start":{"line":107,"column":4},"end":{"line":109,"column":5}},"50":{"start":{"line":108,"column":6},"end":{"line":108,"column":28}},"51":{"start":{"line":111,"column":2},"end":{"line":126,"column":9}},"52":{"start":{"line":112,"column":32},"end":{"line":119,"column":5}},"53":{"start":{"line":113,"column":6},"end":{"line":118,"column":7}},"54":{"start":{"line":114,"column":33},"end":{"line":116,"column":9}},"55":{"start":{"line":117,"column":8},"end":{"line":117,"column":43}},"56":{"start":{"line":121,"column":4},"end":{"line":121,"column":60}},"57":{"start":{"line":123,"column":4},"end":{"line":125,"column":6}},"58":{"start":{"line":124,"column":6},"end":{"line":124,"column":65}},"59":{"start":{"line":128,"column":23},"end":{"line":136,"column":8}},"60":{"start":{"line":129,"column":29},"end":{"line":129,"column":78}},"61":{"start":{"line":130,"column":33},"end":{"line":130,"column":58}},"62":{"start":{"line":131,"column":4},"end":{"line":131,"column":43}},"63":{"start":{"line":132,"column":4},"end":{"line":135,"column":6}},"64":{"start":{"line":138,"column":17},"end":{"line":219,"column":3}},"65":{"start":{"line":222,"column":23},"end":{"line":275,"column":3}},"66":{"start":{"line":276,"column":21},"end":{"line":276,"column":40}},"67":{"start":{"line":276,"column":27},"end":{"line":276,"column":40}},"68":{"start":{"line":277,"column":22},"end":{"line":277,"column":42}},"69":{"start":{"line":277,"column":28},"end":{"line":277,"column":42}},"70":{"start":{"line":278,"column":26},"end":{"line":278,"column":41}},"71":{"start":{"line":280,"column":2},"end":{"line":347,"column":4}},"72":{"start":{"line":305,"column":25},"end":{"line":305,"column":34}},"73":{"start":{"line":328,"column":10},"end":{"line":334,"column":12}}},"fnMap":{"0":{"name":"TreeNode","decl":{"start":{"line":25,"column":9},"end":{"line":25,"column":17}},"loc":{"start":{"line":25,"column":52},"end":{"line":57,"column":1}},"line":25},"1":{"name":"(anonymous_1)","decl":{"start":{"line":28,"column":26},"end":{"line":28,"column":27}},"loc":{"start":{"line":28,"column":37},"end":{"line":32,"column":3}},"line":28},"2":{"name":"(anonymous_2)","decl":{"start":{"line":47,"column":26},"end":{"line":47,"column":27}},"loc":{"start":{"line":48,"column":10},"end":{"line":53,"column":12}},"line":48},"3":{"name":"AdminLayout","decl":{"start":{"line":59,"column":24},"end":{"line":59,"column":35}},"loc":{"start":{"line":59,"column":38},"end":{"line":348,"column":1}},"line":59},"4":{"name":"(anonymous_4)","decl":{"start":{"line":64,"column":26},"end":{"line":64,"column":27}},"loc":{"start":{"line":64,"column":40},"end":{"line":96,"column":3}},"line":64},"5":{"name":"(anonymous_5)","decl":{"start":{"line":100,"column":12},"end":{"line":100,"column":13}},"loc":{"start":{"line":100,"column":16},"end":{"line":104,"column":3}},"line":100},"6":{"name":"(anonymous_6)","decl":{"start":{"line":105,"column":12},"end":{"line":105,"column":13}},"loc":{"start":{"line":105,"column":18},"end":{"line":110,"column":3}},"line":105},"7":{"name":"(anonymous_7)","decl":{"start":{"line":111,"column":12},"end":{"line":111,"column":13}},"loc":{"start":{"line":111,"column":18},"end":{"line":126,"column":3}},"line":111},"8":{"name":"(anonymous_8)","decl":{"start":{"line":112,"column":32},"end":{"line":112,"column":33}},"loc":{"start":{"line":112,"column":43},"end":{"line":119,"column":5}},"line":112},"9":{"name":"(anonymous_9)","decl":{"start":{"line":123,"column":11},"end":{"line":123,"column":12}},"loc":{"start":{"line":123,"column":17},"end":{"line":125,"column":5}},"line":123},"10":{"name":"(anonymous_10)","decl":{"start":{"line":128,"column":35},"end":{"line":128,"column":36}},"loc":{"start":{"line":128,"column":41},"end":{"line":136,"column":3}},"line":128},"11":{"name":"(anonymous_11)","decl":{"start":{"line":276,"column":21},"end":{"line":276,"column":22}},"loc":{"start":{"line":276,"column":27},"end":{"line":276,"column":40}},"line":276},"12":{"name":"(anonymous_12)","decl":{"start":{"line":277,"column":22},"end":{"line":277,"column":23}},"loc":{"start":{"line":277,"column":28},"end":{"line":277,"column":42}},"line":277},"13":{"name":"(anonymous_13)","decl":{"start":{"line":305,"column":19},"end":{"line":305,"column":20}},"loc":{"start":{"line":305,"column":25},"end":{"line":305,"column":34}},"line":305},"14":{"name":"(anonymous_14)","decl":{"start":{"line":327,"column":28},"end":{"line":327,"column":29}},"loc":{"start":{"line":327,"column":44},"end":{"line":335,"column":9}},"line":327}},"branchMap":{"0":{"loc":{"start":{"line":45,"column":7},"end":{"line":54,"column":10}},"type":"binary-expr","locations":[{"start":{"line":45,"column":7},"end":{"line":45,"column":17}},{"start":{"line":46,"column":8},"end":{"line":46,"column":21}},{"start":{"line":47,"column":8},"end":{"line":54,"column":10}}],"line":45},"1":{"loc":{"start":{"line":65,"column":4},"end":{"line":95,"column":5}},"type":"if","locations":[{"start":{"line":65,"column":4},"end":{"line":95,"column":5}},{"start":{"line":68,"column":11},"end":{"line":95,"column":5}}],"line":65},"2":{"loc":{"start":{"line":68,"column":11},"end":{"line":95,"column":5}},"type":"if","locations":[{"start":{"line":68,"column":11},"end":{"line":95,"column":5}},{"start":{"line":71,"column":11},"end":{"line":95,"column":5}}],"line":68},"3":{"loc":{"start":{"line":71,"column":11},"end":{"line":95,"column":5}},"type":"if","locations":[{"start":{"line":71,"column":11},"end":{"line":95,"column":5}},{"start":{"line":74,"column":11},"end":{"line":95,"column":5}}],"line":71},"4":{"loc":{"start":{"line":74,"column":11},"end":{"line":95,"column":5}},"type":"if","locations":[{"start":{"line":74,"column":11},"end":{"line":95,"column":5}},{"start":{"line":77,"column":11},"end":{"line":95,"column":5}}],"line":74},"5":{"loc":{"start":{"line":77,"column":11},"end":{"line":95,"column":5}},"type":"if","locations":[{"start":{"line":77,"column":11},"end":{"line":95,"column":5}},{"start":{"line":80,"column":11},"end":{"line":95,"column":5}}],"line":77},"6":{"loc":{"start":{"line":80,"column":11},"end":{"line":95,"column":5}},"type":"if","locations":[{"start":{"line":80,"column":11},"end":{"line":95,"column":5}},{"start":{"line":83,"column":11},"end":{"line":95,"column":5}}],"line":80},"7":{"loc":{"start":{"line":83,"column":11},"end":{"line":95,"column":5}},"type":"if","locations":[{"start":{"line":83,"column":11},"end":{"line":95,"column":5}},{"start":{"line":86,"column":11},"end":{"line":95,"column":5}}],"line":83},"8":{"loc":{"start":{"line":86,"column":11},"end":{"line":95,"column":5}},"type":"if","locations":[{"start":{"line":86,"column":11},"end":{"line":95,"column":5}},{"start":{"line":89,"column":11},"end":{"line":95,"column":5}}],"line":86},"9":{"loc":{"start":{"line":89,"column":11},"end":{"line":95,"column":5}},"type":"if","locations":[{"start":{"line":89,"column":11},"end":{"line":95,"column":5}},{"start":{"line":92,"column":11},"end":{"line":95,"column":5}}],"line":89},"10":{"loc":{"start":{"line":92,"column":11},"end":{"line":95,"column":5}},"type":"if","locations":[{"start":{"line":92,"column":11},"end":{"line":95,"column":5}},{"start":{},"end":{}}],"line":92},"11":{"loc":{"start":{"line":101,"column":4},"end":{"line":103,"column":5}},"type":"if","locations":[{"start":{"line":101,"column":4},"end":{"line":103,"column":5}},{"start":{},"end":{}}],"line":101},"12":{"loc":{"start":{"line":107,"column":4},"end":{"line":109,"column":5}},"type":"if","locations":[{"start":{"line":107,"column":4},"end":{"line":109,"column":5}},{"start":{},"end":{}}],"line":107},"13":{"loc":{"start":{"line":113,"column":6},"end":{"line":118,"column":7}},"type":"if","locations":[{"start":{"line":113,"column":6},"end":{"line":118,"column":7}},{"start":{},"end":{}}],"line":113},"14":{"loc":{"start":{"line":287,"column":22},"end":{"line":287,"column":52}},"type":"cond-expr","locations":[{"start":{"line":287,"column":32},"end":{"line":287,"column":38}},{"start":{"line":287,"column":40},"end":{"line":287,"column":52}}],"line":287},"15":{"loc":{"start":{"line":316,"column":20},"end":{"line":316,"column":48}},"type":"cond-expr","locations":[{"start":{"line":316,"column":29},"end":{"line":316,"column":35}},{"start":{"line":316,"column":36},"end":{"line":316,"column":48}}],"line":316}},"s":{"0":4,"1":4,"2":0,"3":0,"4":0,"5":4,"6":0,"7":2,"8":2,"9":2,"10":2,"11":0,"12":0,"13":0,"14":0,"15":0,"16":0,"17":0,"18":0,"19":0,"20":0,"21":0,"22":0,"23":0,"24":0,"25":0,"26":0,"27":0,"28":0,"29":0,"30":0,"31":0,"32":0,"33":0,"34":0,"35":0,"36":0,"37":0,"38":0,"39":0,"40":0,"41":2,"42":2,"43":2,"44":2,"45":2,"46":0,"47":2,"48":2,"49":2,"50":0,"51":2,"52":2,"53":0,"54":0,"55":0,"56":2,"57":2,"58":2,"59":2,"60":0,"61":0,"62":0,"63":0,"64":2,"65":2,"66":2,"67":0,"68":2,"69":0,"70":2,"71":2,"72":0,"73":0},"f":{"0":4,"1":0,"2":0,"3":2,"4":0,"5":2,"6":2,"7":2,"8":0,"9":2,"10":0,"11":0,"12":0,"13":0,"14":0},"b":{"0":[4,0,0],"1":[0,0],"2":[0,0],"3":[0,0],"4":[0,0],"5":[0,0],"6":[0,0],"7":[0,0],"8":[0,0],"9":[0,0],"10":[0,0],"11":[0,2],"12":[0,2],"13":[0,0],"14":[0,2],"15":[0,2]},"_coverageSchema":"1a1c01bbd47fc00a2c39e90264f33305004495a9","hash":"831629d4180f37d5a5b7538dc3bac79ad3846eef"}
,"F:\\STUDIA 6\\ISI\\Operator\\OperatorInternetowy\\pai2-isi-gbnet\\src\\pages\\Admin\\Clients\\ClientAdd.jsx": {"path":"F:\\STUDIA 6\\ISI\\Operator\\OperatorInternetowy\\pai2-isi-gbnet\\src\\pages\\Admin\\Clients\\ClientAdd.jsx","statementMap":{"0":{"start":{"line":8,"column":34},"end":{"line":8,"column":46}},"1":{"start":{"line":9,"column":48},"end":{"line":9,"column":60}},"2":{"start":{"line":10,"column":38},"end":{"line":10,"column":53}},"3":{"start":{"line":11,"column":36},"end":{"line":11,"column":51}},"4":{"start":{"line":12,"column":18},"end":{"line":12,"column":26}},"5":{"start":{"line":13,"column":22},"end":{"line":13,"column":30}},"6":{"start":{"line":14,"column":18},"end":{"line":14,"column":26}},"7":{"start":{"line":15,"column":19},"end":{"line":15,"column":27}},"8":{"start":{"line":16,"column":22},"end":{"line":16,"column":30}},"9":{"start":{"line":17,"column":29},"end":{"line":17,"column":37}},"10":{"start":{"line":18,"column":19},"end":{"line":18,"column":27}},"11":{"start":{"line":19,"column":22},"end":{"line":19,"column":30}},"12":{"start":{"line":20,"column":17},"end":{"line":20,"column":25}},"13":{"start":{"line":25,"column":6},"end":{"line":25,"column":25}},"14":{"start":{"line":26,"column":19},"end":{"line":36,"column":5}},"15":{"start":{"line":37,"column":19},"end":{"line":37,"column":75}},"16":{"start":{"line":38,"column":22},"end":{"line":38,"column":52}},"17":{"start":{"line":39,"column":5},"end":{"line":57,"column":6}},"18":{"start":{"line":41,"column":20},"end":{"line":41,"column":69}},"19":{"start":{"line":43,"column":24},"end":{"line":46,"column":9}},"20":{"start":{"line":47,"column":8},"end":{"line":52,"column":9}},"21":{"start":{"line":49,"column":10},"end":{"line":49,"column":36}},"22":{"start":{"line":51,"column":10},"end":{"line":51,"column":29}},"23":{"start":{"line":54,"column":8},"end":{"line":54,"column":76}},"24":{"start":{"line":55,"column":8},"end":{"line":55,"column":50}},"25":{"start":{"line":56,"column":8},"end":{"line":56,"column":33}},"26":{"start":{"line":59,"column":2},"end":{"line":222,"column":4}},"27":{"start":{"line":128,"column":31},"end":{"line":128,"column":58}},"28":{"start":{"line":149,"column":31},"end":{"line":149,"column":65}},"29":{"start":{"line":204,"column":16},"end":{"line":204,"column":43}}},"fnMap":{"0":{"name":"ClientAdd","decl":{"start":{"line":7,"column":24},"end":{"line":7,"column":33}},"loc":{"start":{"line":7,"column":36},"end":{"line":223,"column":1}},"line":7},"1":{"name":"handleSubmit","decl":{"start":{"line":24,"column":17},"end":{"line":24,"column":29}},"loc":{"start":{"line":24,"column":32},"end":{"line":58,"column":3}},"line":24},"2":{"name":"(anonymous_2)","decl":{"start":{"line":128,"column":24},"end":{"line":128,"column":25}},"loc":{"start":{"line":128,"column":31},"end":{"line":128,"column":58}},"line":128},"3":{"name":"(anonymous_3)","decl":{"start":{"line":149,"column":24},"end":{"line":149,"column":25}},"loc":{"start":{"line":149,"column":31},"end":{"line":149,"column":65}},"line":149},"4":{"name":"(anonymous_4)","decl":{"start":{"line":203,"column":24},"end":{"line":203,"column":25}},"loc":{"start":{"line":203,"column":30},"end":{"line":205,"column":15}},"line":203}},"branchMap":{"0":{"loc":{"start":{"line":33,"column":11},"end":{"line":33,"column":49}},"type":"cond-expr","locations":[{"start":{"line":33,"column":24},"end":{"line":33,"column":44}},{"start":{"line":33,"column":45},"end":{"line":33,"column":49}}],"line":33},"1":{"loc":{"start":{"line":39,"column":5},"end":{"line":57,"column":6}},"type":"if","locations":[{"start":{"line":39,"column":5},"end":{"line":57,"column":6}},{"start":{},"end":{}}],"line":39},"2":{"loc":{"start":{"line":47,"column":8},"end":{"line":52,"column":9}},"type":"if","locations":[{"start":{"line":47,"column":8},"end":{"line":52,"column":9}},{"start":{"line":50,"column":13},"end":{"line":52,"column":9}}],"line":47},"3":{"loc":{"start":{"line":139,"column":15},"end":{"line":143,"column":22}},"type":"cond-expr","locations":[{"start":{"line":140,"column":16},"end":{"line":142,"column":20}},{"start":{"line":143,"column":18},"end":{"line":143,"column":22}}],"line":139},"4":{"loc":{"start":{"line":139,"column":15},"end":{"line":139,"column":72}},"type":"binary-expr","locations":[{"start":{"line":139,"column":15},"end":{"line":139,"column":41}},{"start":{"line":139,"column":45},"end":{"line":139,"column":72}}],"line":139},"5":{"loc":{"start":{"line":152,"column":16},"end":{"line":154,"column":54}},"type":"cond-expr","locations":[{"start":{"line":153,"column":20},"end":{"line":153,"column":52}},{"start":{"line":154,"column":20},"end":{"line":154,"column":54}}],"line":152},"6":{"loc":{"start":{"line":152,"column":16},"end":{"line":152,"column":73}},"type":"binary-expr","locations":[{"start":{"line":152,"column":16},"end":{"line":152,"column":42}},{"start":{"line":152,"column":46},"end":{"line":152,"column":73}}],"line":152},"7":{"loc":{"start":{"line":178,"column":26},"end":{"line":178,"column":51}},"type":"cond-expr","locations":[{"start":{"line":178,"column":39},"end":{"line":178,"column":43}},{"start":{"line":178,"column":46},"end":{"line":178,"column":51}}],"line":178}},"s":{"0":5,"1":4,"2":4,"3":4,"4":4,"5":4,"6":4,"7":4,"8":4,"9":4,"10":4,"11":4,"12":4,"13":1,"14":1,"15":1,"16":1,"17":1,"18":1,"19":1,"20":1,"21":0,"22":1,"23":1,"24":1,"25":1,"26":4,"27":1,"28":1,"29":0},"f":{"0":5,"1":1,"2":1,"3":1,"4":0},"b":{"0":[0,1],"1":[1,0],"2":[0,1],"3":[0,4],"4":[4,1],"5":[0,4],"6":[4,1],"7":[0,4]},"_coverageSchema":"1a1c01bbd47fc00a2c39e90264f33305004495a9","hash":"3125f7087ccc7739c37ade55ad45842fc1096bc6"}
,"F:\\STUDIA 6\\ISI\\Operator\\OperatorInternetowy\\pai2-isi-gbnet\\src\\pages\\Admin\\Offers\\AdminOfferDetail.jsx": {"path":"F:\\STUDIA 6\\ISI\\Operator\\OperatorInternetowy\\pai2-isi-gbnet\\src\\pages\\Admin\\Offers\\AdminOfferDetail.jsx","statementMap":{"0":{"start":{"line":11,"column":33},"end":{"line":11,"column":54}},"1":{"start":{"line":12,"column":40},"end":{"line":12,"column":54}},"2":{"start":{"line":13,"column":54},"end":{"line":13,"column":64}},"3":{"start":{"line":14,"column":38},"end":{"line":14,"column":48}},"4":{"start":{"line":15,"column":28},"end":{"line":15,"column":38}},"5":{"start":{"line":16,"column":30},"end":{"line":16,"column":40}},"6":{"start":{"line":17,"column":50},"end":{"line":17,"column":60}},"7":{"start":{"line":18,"column":24},"end":{"line":18,"column":35}},"8":{"start":{"line":19,"column":18},"end":{"line":19,"column":33}},"9":{"start":{"line":20,"column":21},"end":{"line":20,"column":34}},"10":{"start":{"line":21,"column":20},"end":{"line":21,"column":28}},"11":{"start":{"line":22,"column":21},"end":{"line":22,"column":29}},"12":{"start":{"line":23,"column":22},"end":{"line":23,"column":30}},"13":{"start":{"line":24,"column":20},"end":{"line":24,"column":28}},"14":{"start":{"line":25,"column":41},"end":{"line":25,"column":51}},"15":{"start":{"line":28,"column":4},"end":{"line":33,"column":9}},"16":{"start":{"line":29,"column":23},"end":{"line":29,"column":35}},"17":{"start":{"line":30,"column":6},"end":{"line":32,"column":7}},"18":{"start":{"line":31,"column":8},"end":{"line":31,"column":24}},"19":{"start":{"line":34,"column":2},"end":{"line":53,"column":16}},"20":{"start":{"line":38,"column":40},"end":{"line":45,"column":7}},"21":{"start":{"line":46,"column":6},"end":{"line":46,"column":50}},"22":{"start":{"line":47,"column":6},"end":{"line":47,"column":52}},"23":{"start":{"line":48,"column":6},"end":{"line":48,"column":64}},"24":{"start":{"line":49,"column":6},"end":{"line":49,"column":51}},"25":{"start":{"line":50,"column":6},"end":{"line":50,"column":59}},"26":{"start":{"line":52,"column":4},"end":{"line":52,"column":19}},"27":{"start":{"line":55,"column":4},"end":{"line":55,"column":61}},"28":{"start":{"line":56,"column":38},"end":{"line":63,"column":5}},"29":{"start":{"line":65,"column":4},"end":{"line":90,"column":5}},"30":{"start":{"line":68,"column":8},"end":{"line":77,"column":7}},"31":{"start":{"line":81,"column":6},"end":{"line":89,"column":7}},"32":{"start":{"line":91,"column":4},"end":{"line":91,"column":61}},"33":{"start":{"line":92,"column":20},"end":{"line":92,"column":73}},"34":{"start":{"line":93,"column":22},"end":{"line":93,"column":52}},"35":{"start":{"line":94,"column":5},"end":{"line":113,"column":6}},"36":{"start":{"line":96,"column":20},"end":{"line":96,"column":69}},"37":{"start":{"line":98,"column":24},"end":{"line":101,"column":9}},"38":{"start":{"line":102,"column":8},"end":{"line":107,"column":9}},"39":{"start":{"line":104,"column":10},"end":{"line":104,"column":36}},"40":{"start":{"line":106,"column":10},"end":{"line":106,"column":29}},"41":{"start":{"line":109,"column":8},"end":{"line":109,"column":76}},"42":{"start":{"line":110,"column":8},"end":{"line":110,"column":50}},"43":{"start":{"line":111,"column":8},"end":{"line":111,"column":55}},"44":{"start":{"line":112,"column":8},"end":{"line":112,"column":33}},"45":{"start":{"line":115,"column":2},"end":{"line":240,"column":3}},"46":{"start":{"line":130,"column":16},"end":{"line":130,"column":39}},"47":{"start":{"line":143,"column":16},"end":{"line":143,"column":40}},"48":{"start":{"line":173,"column":34},"end":{"line":173,"column":91}},"49":{"start":{"line":190,"column":18},"end":{"line":190,"column":48}},"50":{"start":{"line":205,"column":18},"end":{"line":205,"column":39}},"51":{"start":{"line":218,"column":20},"end":{"line":218,"column":40}},"52":{"start":{"line":219,"column":20},"end":{"line":219,"column":52}},"53":{"start":{"line":220,"column":20},"end":{"line":220,"column":54}},"54":{"start":{"line":221,"column":20},"end":{"line":221,"column":66}}},"fnMap":{"0":{"name":"AdminOfferDetail","decl":{"start":{"line":10,"column":24},"end":{"line":10,"column":40}},"loc":{"start":{"line":10,"column":42},"end":{"line":241,"column":1}},"line":10},"1":{"name":"(anonymous_1)","decl":{"start":{"line":28,"column":14},"end":{"line":28,"column":15}},"loc":{"start":{"line":28,"column":18},"end":{"line":33,"column":5}},"line":28},"2":{"name":"(anonymous_2)","decl":{"start":{"line":34,"column":12},"end":{"line":34,"column":13}},"loc":{"start":{"line":34,"column":18},"end":{"line":53,"column":3}},"line":34},"3":{"name":"fetchProduct","decl":{"start":{"line":36,"column":19},"end":{"line":36,"column":31}},"loc":{"start":{"line":36,"column":34},"end":{"line":51,"column":5}},"line":36},"4":{"name":"handleEdit","decl":{"start":{"line":54,"column":17},"end":{"line":54,"column":27}},"loc":{"start":{"line":54,"column":29},"end":{"line":114,"column":3}},"line":54},"5":{"name":"(anonymous_5)","decl":{"start":{"line":129,"column":24},"end":{"line":129,"column":25}},"loc":{"start":{"line":129,"column":29},"end":{"line":131,"column":15}},"line":129},"6":{"name":"(anonymous_6)","decl":{"start":{"line":142,"column":24},"end":{"line":142,"column":25}},"loc":{"start":{"line":142,"column":29},"end":{"line":144,"column":15}},"line":142},"7":{"name":"(anonymous_7)","decl":{"start":{"line":173,"column":29},"end":{"line":173,"column":30}},"loc":{"start":{"line":173,"column":33},"end":{"line":173,"column":92}},"line":173},"8":{"name":"(anonymous_8)","decl":{"start":{"line":189,"column":26},"end":{"line":189,"column":27}},"loc":{"start":{"line":189,"column":31},"end":{"line":191,"column":17}},"line":189},"9":{"name":"(anonymous_9)","decl":{"start":{"line":204,"column":25},"end":{"line":204,"column":26}},"loc":{"start":{"line":204,"column":31},"end":{"line":207,"column":17}},"line":204},"10":{"name":"(anonymous_10)","decl":{"start":{"line":217,"column":27},"end":{"line":217,"column":28}},"loc":{"start":{"line":217,"column":33},"end":{"line":222,"column":19}},"line":217}},"branchMap":{"0":{"loc":{"start":{"line":30,"column":6},"end":{"line":32,"column":7}},"type":"if","locations":[{"start":{"line":30,"column":6},"end":{"line":32,"column":7}},{"start":{},"end":{}}],"line":30},"1":{"loc":{"start":{"line":65,"column":4},"end":{"line":90,"column":5}},"type":"if","locations":[{"start":{"line":65,"column":4},"end":{"line":90,"column":5}},{"start":{"line":80,"column":4},"end":{"line":90,"column":5}}],"line":65},"2":{"loc":{"start":{"line":94,"column":5},"end":{"line":113,"column":6}},"type":"if","locations":[{"start":{"line":94,"column":5},"end":{"line":113,"column":6}},{"start":{},"end":{}}],"line":94},"3":{"loc":{"start":{"line":102,"column":8},"end":{"line":107,"column":9}},"type":"if","locations":[{"start":{"line":102,"column":8},"end":{"line":107,"column":9}},{"start":{"line":105,"column":13},"end":{"line":107,"column":9}}],"line":102},"4":{"loc":{"start":{"line":164,"column":12},"end":{"line":177,"column":17}},"type":"binary-expr","locations":[{"start":{"line":164,"column":12},"end":{"line":164,"column":33}},{"start":{"line":164,"column":38},"end":{"line":177,"column":16}}],"line":164},"5":{"loc":{"start":{"line":199,"column":13},"end":{"line":236,"column":13}},"type":"cond-expr","locations":[{"start":{"line":200,"column":14},"end":{"line":210,"column":23}},{"start":{"line":212,"column":14},"end":{"line":235,"column":20}}],"line":199}},"s":{"0":4,"1":3,"2":3,"3":3,"4":3,"5":3,"6":3,"7":3,"8":3,"9":3,"10":3,"11":3,"12":3,"13":3,"14":3,"15":3,"16":3,"17":3,"18":0,"19":3,"20":3,"21":0,"22":0,"23":0,"24":0,"25":0,"26":3,"27":0,"28":0,"29":0,"30":0,"31":0,"32":0,"33":0,"34":0,"35":0,"36":0,"37":0,"38":0,"39":0,"40":0,"41":0,"42":0,"43":0,"44":0,"45":3,"46":0,"47":0,"48":0,"49":0,"50":0,"51":0,"52":0,"53":0,"54":0},"f":{"0":4,"1":3,"2":3,"3":3,"4":0,"5":0,"6":0,"7":0,"8":0,"9":0,"10":0},"b":{"0":[0,3],"1":[0,0],"2":[0,0],"3":[0,0],"4":[3,0],"5":[3,0]},"_coverageSchema":"1a1c01bbd47fc00a2c39e90264f33305004495a9","hash":"e32b0e635cfb708fa547b0d766692b73a0dbe27e"}
,"F:\\STUDIA 6\\ISI\\Operator\\OperatorInternetowy\\pai2-isi-gbnet\\src\\pages\\Admin\\Reports\\AdminReports.jsx": {"path":"F:\\STUDIA 6\\ISI\\Operator\\OperatorInternetowy\\pai2-isi-gbnet\\src\\pages\\Admin\\Reports\\AdminReports.jsx","statementMap":{"0":{"start":{"line":9,"column":19},"end":{"line":9,"column":197}},"1":{"start":{"line":12,"column":35},"end":{"line":12,"column":47}},"2":{"start":{"line":13,"column":33},"end":{"line":13,"column":47}},"3":{"start":{"line":14,"column":18},"end":{"line":14,"column":33}},"4":{"start":{"line":15,"column":4},"end":{"line":31,"column":9}},"5":{"start":{"line":17,"column":12},"end":{"line":17,"column":69}},"6":{"start":{"line":18,"column":25},"end":{"line":18,"column":106}},"7":{"start":{"line":19,"column":24},"end":{"line":24,"column":15}},"8":{"start":{"line":19,"column":50},"end":{"line":24,"column":13}},"9":{"start":{"line":25,"column":12},"end":{"line":25,"column":28}},"10":{"start":{"line":26,"column":12},"end":{"line":26,"column":29}},"11":{"start":{"line":29,"column":8},"end":{"line":29,"column":19}},"12":{"start":{"line":32,"column":4},"end":{"line":38,"column":5}},"13":{"start":{"line":33,"column":8},"end":{"line":37,"column":9}},"14":{"start":{"line":39,"column":4},"end":{"line":45,"column":8}}},"fnMap":{"0":{"name":"AdminReports","decl":{"start":{"line":11,"column":24},"end":{"line":11,"column":36}},"loc":{"start":{"line":11,"column":38},"end":{"line":46,"column":1}},"line":11},"1":{"name":"(anonymous_1)","decl":{"start":{"line":15,"column":14},"end":{"line":15,"column":15}},"loc":{"start":{"line":15,"column":18},"end":{"line":31,"column":5}},"line":15},"2":{"name":"fetchData","decl":{"start":{"line":16,"column":23},"end":{"line":16,"column":32}},"loc":{"start":{"line":16,"column":34},"end":{"line":28,"column":9}},"line":16},"3":{"name":"(anonymous_3)","decl":{"start":{"line":19,"column":46},"end":{"line":19,"column":47}},"loc":{"start":{"line":19,"column":50},"end":{"line":24,"column":13}},"line":19}},"branchMap":{"0":{"loc":{"start":{"line":32,"column":4},"end":{"line":38,"column":5}},"type":"if","locations":[{"start":{"line":32,"column":4},"end":{"line":38,"column":5}},{"start":{},"end":{}}],"line":32}},"s":{"0":1,"1":4,"2":3,"3":3,"4":3,"5":2,"6":2,"7":2,"8":1,"9":2,"10":2,"11":2,"12":3,"13":2,"14":1},"f":{"0":4,"1":2,"2":2,"3":1},"b":{"0":[2,1]},"_coverageSchema":"1a1c01bbd47fc00a2c39e90264f33305004495a9","hash":"d98ede9aae7139408240d019df5173a2a4514af9"}
,"F:\\STUDIA 6\\ISI\\Operator\\OperatorInternetowy\\pai2-isi-gbnet\\src\\pages\\Client\\ClientLayout.jsx": {"path":"F:\\STUDIA 6\\ISI\\Operator\\OperatorInternetowy\\pai2-isi-gbnet\\src\\pages\\Client\\ClientLayout.jsx","statementMap":{"0":{"start":{"line":36,"column":44},"end":{"line":36,"column":54}},"1":{"start":{"line":37,"column":52},"end":{"line":37,"column":62}},"2":{"start":{"line":38,"column":34},"end":{"line":38,"column":44}},"3":{"start":{"line":39,"column":26},"end":{"line":39,"column":41}},"4":{"start":{"line":40,"column":50},"end":{"line":40,"column":65}},"5":{"start":{"line":41,"column":50},"end":{"line":41,"column":60}},"6":{"start":{"line":42,"column":21},"end":{"line":42,"column":40}},"7":{"start":{"line":42,"column":27},"end":{"line":42,"column":40}},"8":{"start":{"line":43,"column":22},"end":{"line":43,"column":42}},"9":{"start":{"line":43,"column":28},"end":{"line":43,"column":42}},"10":{"start":{"line":44,"column":19},"end":{"line":44,"column":32}},"11":{"start":{"line":45,"column":18},"end":{"line":45,"column":30}},"12":{"start":{"line":46,"column":16},"end":{"line":46,"column":31}},"13":{"start":{"line":47,"column":19},"end":{"line":47,"column":32}},"14":{"start":{"line":48,"column":2},"end":{"line":86,"column":9}},"15":{"start":{"line":49,"column":16},"end":{"line":49,"column":65}},"16":{"start":{"line":50,"column":4},"end":{"line":52,"column":5}},"17":{"start":{"line":51,"column":6},"end":{"line":51,"column":28}},"18":{"start":{"line":55,"column":19},"end":{"line":55,"column":31}},"19":{"start":{"line":56,"column":6},"end":{"line":56,"column":63}},"20":{"start":{"line":57,"column":40},"end":{"line":68,"column":7}},"21":{"start":{"line":69,"column":6},"end":{"line":69,"column":50}},"22":{"start":{"line":70,"column":23},"end":{"line":83,"column":15}},"23":{"start":{"line":71,"column":8},"end":{"line":81,"column":9}},"24":{"start":{"line":72,"column":27},"end":{"line":74,"column":11}},"25":{"start":{"line":75,"column":10},"end":{"line":80,"column":11}},"26":{"start":{"line":79,"column":12},"end":{"line":79,"column":56}},"27":{"start":{"line":82,"column":8},"end":{"line":82,"column":45}},"28":{"start":{"line":82,"column":21},"end":{"line":82,"column":44}},"29":{"start":{"line":85,"column":4},"end":{"line":85,"column":39}},"30":{"start":{"line":89,"column":4},"end":{"line":96,"column":5}},"31":{"start":{"line":90,"column":6},"end":{"line":90,"column":63}},"32":{"start":{"line":91,"column":23},"end":{"line":95,"column":7}},"33":{"start":{"line":97,"column":4},"end":{"line":97,"column":29}},"34":{"start":{"line":98,"column":4},"end":{"line":98,"column":29}},"35":{"start":{"line":100,"column":33},"end":{"line":102,"column":3}},"36":{"start":{"line":101,"column":4},"end":{"line":101,"column":43}},"37":{"start":{"line":105,"column":4},"end":{"line":109,"column":7}},"38":{"start":{"line":106,"column":20},"end":{"line":106,"column":42}},"39":{"start":{"line":107,"column":20},"end":{"line":107,"column":42}},"40":{"start":{"line":108,"column":6},"end":{"line":108,"column":27}},"41":{"start":{"line":111,"column":4},"end":{"line":111,"column":16}},"42":{"start":{"line":114,"column":23},"end":{"line":122,"column":8}},"43":{"start":{"line":115,"column":29},"end":{"line":115,"column":78}},"44":{"start":{"line":116,"column":33},"end":{"line":116,"column":58}},"45":{"start":{"line":117,"column":4},"end":{"line":117,"column":43}},"46":{"start":{"line":118,"column":4},"end":{"line":121,"column":6}},"47":{"start":{"line":124,"column":29},"end":{"line":124,"column":43}},"48":{"start":{"line":125,"column":24},"end":{"line":125,"column":34}},"49":{"start":{"line":127,"column":30},"end":{"line":129,"column":5}},"50":{"start":{"line":131,"column":4},"end":{"line":139,"column":5}},"51":{"start":{"line":132,"column":6},"end":{"line":132,"column":22}},"52":{"start":{"line":133,"column":11},"end":{"line":139,"column":5}},"53":{"start":{"line":134,"column":22},"end":{"line":134,"column":56}},"54":{"start":{"line":135,"column":6},"end":{"line":135,"column":30}},"55":{"start":{"line":137,"column":20},"end":{"line":137,"column":56}},"56":{"start":{"line":138,"column":6},"end":{"line":138,"column":26}},"57":{"start":{"line":141,"column":2},"end":{"line":402,"column":4}},"58":{"start":{"line":153,"column":14},"end":{"line":153,"column":28}},"59":{"start":{"line":154,"column":14},"end":{"line":154,"column":32}},"60":{"start":{"line":167,"column":14},"end":{"line":167,"column":28}},"61":{"start":{"line":168,"column":14},"end":{"line":168,"column":34}},"62":{"start":{"line":179,"column":14},"end":{"line":179,"column":28}},"63":{"start":{"line":180,"column":14},"end":{"line":180,"column":36}},"64":{"start":{"line":191,"column":14},"end":{"line":191,"column":28}},"65":{"start":{"line":192,"column":14},"end":{"line":192,"column":36}},"66":{"start":{"line":203,"column":14},"end":{"line":203,"column":28}},"67":{"start":{"line":204,"column":14},"end":{"line":204,"column":35}},"68":{"start":{"line":214,"column":14},"end":{"line":214,"column":28}},"69":{"start":{"line":215,"column":14},"end":{"line":215,"column":35}},"70":{"start":{"line":237,"column":53},"end":{"line":237,"column":67}},"71":{"start":{"line":238,"column":57},"end":{"line":238,"column":71}},"72":{"start":{"line":251,"column":20},"end":{"line":289,"column":22}},"73":{"start":{"line":255,"column":26},"end":{"line":255,"column":46}},"74":{"start":{"line":301,"column":27},"end":{"line":301,"column":36}},"75":{"start":{"line":312,"column":29},"end":{"line":312,"column":46}},"76":{"start":{"line":322,"column":29},"end":{"line":322,"column":48}},"77":{"start":{"line":330,"column":29},"end":{"line":330,"column":50}},"78":{"start":{"line":338,"column":29},"end":{"line":338,"column":50}},"79":{"start":{"line":346,"column":29},"end":{"line":346,"column":49}},"80":{"start":{"line":353,"column":29},"end":{"line":353,"column":49}},"81":{"start":{"line":371,"column":16},"end":{"line":371,"column":41}},"82":{"start":{"line":383,"column":10},"end":{"line":389,"column":12}}},"fnMap":{"0":{"name":"ClientLayout","decl":{"start":{"line":35,"column":24},"end":{"line":35,"column":36}},"loc":{"start":{"line":35,"column":39},"end":{"line":403,"column":1}},"line":35},"1":{"name":"(anonymous_1)","decl":{"start":{"line":42,"column":21},"end":{"line":42,"column":22}},"loc":{"start":{"line":42,"column":27},"end":{"line":42,"column":40}},"line":42},"2":{"name":"(anonymous_2)","decl":{"start":{"line":43,"column":22},"end":{"line":43,"column":23}},"loc":{"start":{"line":43,"column":28},"end":{"line":43,"column":42}},"line":43},"3":{"name":"(anonymous_3)","decl":{"start":{"line":48,"column":12},"end":{"line":48,"column":13}},"loc":{"start":{"line":48,"column":18},"end":{"line":86,"column":3}},"line":48},"4":{"name":"getUserData","decl":{"start":{"line":54,"column":19},"end":{"line":54,"column":30}},"loc":{"start":{"line":54,"column":33},"end":{"line":84,"column":5}},"line":54},"5":{"name":"(anonymous_5)","decl":{"start":{"line":70,"column":35},"end":{"line":70,"column":36}},"loc":{"start":{"line":70,"column":47},"end":{"line":83,"column":7}},"line":70},"6":{"name":"(anonymous_6)","decl":{"start":{"line":82,"column":15},"end":{"line":82,"column":16}},"loc":{"start":{"line":82,"column":21},"end":{"line":82,"column":44}},"line":82},"7":{"name":"handleClickNot","decl":{"start":{"line":88,"column":17},"end":{"line":88,"column":31}},"loc":{"start":{"line":88,"column":37},"end":{"line":99,"column":3}},"line":88},"8":{"name":"(anonymous_8)","decl":{"start":{"line":100,"column":33},"end":{"line":100,"column":34}},"loc":{"start":{"line":100,"column":39},"end":{"line":102,"column":3}},"line":100},"9":{"name":"sortNotificationsByDate","decl":{"start":{"line":104,"column":11},"end":{"line":104,"column":34}},"loc":{"start":{"line":104,"column":41},"end":{"line":112,"column":3}},"line":104},"10":{"name":"(anonymous_10)","decl":{"start":{"line":105,"column":14},"end":{"line":105,"column":15}},"loc":{"start":{"line":105,"column":24},"end":{"line":109,"column":5}},"line":105},"11":{"name":"(anonymous_11)","decl":{"start":{"line":114,"column":35},"end":{"line":114,"column":36}},"loc":{"start":{"line":114,"column":41},"end":{"line":122,"column":3}},"line":114},"12":{"name":"formatNotificationTime","decl":{"start":{"line":123,"column":11},"end":{"line":123,"column":33}},"loc":{"start":{"line":123,"column":40},"end":{"line":140,"column":3}},"line":123},"13":{"name":"(anonymous_13)","decl":{"start":{"line":152,"column":21},"end":{"line":152,"column":22}},"loc":{"start":{"line":152,"column":27},"end":{"line":155,"column":13}},"line":152},"14":{"name":"(anonymous_14)","decl":{"start":{"line":166,"column":21},"end":{"line":166,"column":22}},"loc":{"start":{"line":166,"column":27},"end":{"line":169,"column":13}},"line":166},"15":{"name":"(anonymous_15)","decl":{"start":{"line":178,"column":21},"end":{"line":178,"column":22}},"loc":{"start":{"line":178,"column":27},"end":{"line":181,"column":13}},"line":178},"16":{"name":"(anonymous_16)","decl":{"start":{"line":190,"column":21},"end":{"line":190,"column":22}},"loc":{"start":{"line":190,"column":27},"end":{"line":193,"column":13}},"line":190},"17":{"name":"(anonymous_17)","decl":{"start":{"line":202,"column":21},"end":{"line":202,"column":22}},"loc":{"start":{"line":202,"column":27},"end":{"line":205,"column":13}},"line":202},"18":{"name":"(anonymous_18)","decl":{"start":{"line":213,"column":21},"end":{"line":213,"column":22}},"loc":{"start":{"line":213,"column":27},"end":{"line":216,"column":13}},"line":213},"19":{"name":"(anonymous_19)","decl":{"start":{"line":237,"column":44},"end":{"line":237,"column":45}},"loc":{"start":{"line":237,"column":53},"end":{"line":237,"column":67}},"line":237},"20":{"name":"(anonymous_20)","decl":{"start":{"line":238,"column":48},"end":{"line":238,"column":49}},"loc":{"start":{"line":238,"column":57},"end":{"line":238,"column":71}},"line":238},"21":{"name":"(anonymous_21)","decl":{"start":{"line":250,"column":65},"end":{"line":250,"column":66}},"loc":{"start":{"line":250,"column":74},"end":{"line":290,"column":19}},"line":250},"22":{"name":"(anonymous_22)","decl":{"start":{"line":254,"column":33},"end":{"line":254,"column":34}},"loc":{"start":{"line":254,"column":39},"end":{"line":256,"column":25}},"line":254},"23":{"name":"(anonymous_23)","decl":{"start":{"line":301,"column":21},"end":{"line":301,"column":22}},"loc":{"start":{"line":301,"column":27},"end":{"line":301,"column":36}},"line":301},"24":{"name":"(anonymous_24)","decl":{"start":{"line":312,"column":23},"end":{"line":312,"column":24}},"loc":{"start":{"line":312,"column":29},"end":{"line":312,"column":46}},"line":312},"25":{"name":"(anonymous_25)","decl":{"start":{"line":322,"column":23},"end":{"line":322,"column":24}},"loc":{"start":{"line":322,"column":29},"end":{"line":322,"column":48}},"line":322},"26":{"name":"(anonymous_26)","decl":{"start":{"line":330,"column":23},"end":{"line":330,"column":24}},"loc":{"start":{"line":330,"column":29},"end":{"line":330,"column":50}},"line":330},"27":{"name":"(anonymous_27)","decl":{"start":{"line":338,"column":23},"end":{"line":338,"column":24}},"loc":{"start":{"line":338,"column":29},"end":{"line":338,"column":50}},"line":338},"28":{"name":"(anonymous_28)","decl":{"start":{"line":346,"column":23},"end":{"line":346,"column":24}},"loc":{"start":{"line":346,"column":29},"end":{"line":346,"column":49}},"line":346},"29":{"name":"(anonymous_29)","decl":{"start":{"line":353,"column":23},"end":{"line":353,"column":24}},"loc":{"start":{"line":353,"column":29},"end":{"line":353,"column":49}},"line":353},"30":{"name":"(anonymous_30)","decl":{"start":{"line":370,"column":23},"end":{"line":370,"column":24}},"loc":{"start":{"line":370,"column":29},"end":{"line":372,"column":15}},"line":370},"31":{"name":"(anonymous_31)","decl":{"start":{"line":382,"column":28},"end":{"line":382,"column":29}},"loc":{"start":{"line":382,"column":44},"end":{"line":390,"column":9}},"line":382}},"branchMap":{"0":{"loc":{"start":{"line":50,"column":4},"end":{"line":52,"column":5}},"type":"if","locations":[{"start":{"line":50,"column":4},"end":{"line":52,"column":5}},{"start":{},"end":{}}],"line":50},"1":{"loc":{"start":{"line":71,"column":8},"end":{"line":81,"column":9}},"type":"if","locations":[{"start":{"line":71,"column":8},"end":{"line":81,"column":9}},{"start":{},"end":{}}],"line":71},"2":{"loc":{"start":{"line":75,"column":10},"end":{"line":80,"column":11}},"type":"if","locations":[{"start":{"line":75,"column":10},"end":{"line":80,"column":11}},{"start":{},"end":{}}],"line":75},"3":{"loc":{"start":{"line":89,"column":4},"end":{"line":96,"column":5}},"type":"if","locations":[{"start":{"line":89,"column":4},"end":{"line":96,"column":5}},{"start":{},"end":{}}],"line":89},"4":{"loc":{"start":{"line":131,"column":4},"end":{"line":139,"column":5}},"type":"if","locations":[{"start":{"line":131,"column":4},"end":{"line":139,"column":5}},{"start":{"line":133,"column":11},"end":{"line":139,"column":5}}],"line":131},"5":{"loc":{"start":{"line":133,"column":11},"end":{"line":139,"column":5}},"type":"if","locations":[{"start":{"line":133,"column":11},"end":{"line":139,"column":5}},{"start":{"line":136,"column":11},"end":{"line":139,"column":5}}],"line":133},"6":{"loc":{"start":{"line":237,"column":18},"end":{"line":239,"column":26}},"type":"cond-expr","locations":[{"start":{"line":238,"column":22},"end":{"line":238,"column":79}},{"start":{"line":239,"column":22},"end":{"line":239,"column":26}}],"line":237},"7":{"loc":{"start":{"line":249,"column":17},"end":{"line":295,"column":17}},"type":"cond-expr","locations":[{"start":{"line":250,"column":18},"end":{"line":290,"column":20}},{"start":{"line":292,"column":18},"end":{"line":294,"column":25}}],"line":249},"8":{"loc":{"start":{"line":267,"column":32},"end":{"line":267,"column":65}},"type":"cond-expr","locations":[{"start":{"line":267,"column":49},"end":{"line":267,"column":60}},{"start":{"line":267,"column":63},"end":{"line":267,"column":65}}],"line":267},"9":{"loc":{"start":{"line":281,"column":29},"end":{"line":285,"column":36}},"type":"cond-expr","locations":[{"start":{"line":282,"column":30},"end":{"line":284,"column":37}},{"start":{"line":285,"column":32},"end":{"line":285,"column":36}}],"line":281},"10":{"loc":{"start":{"line":364,"column":7},"end":{"line":379,"column":14}},"type":"cond-expr","locations":[{"start":{"line":365,"column":8},"end":{"line":378,"column":17}},{"start":{"line":379,"column":10},"end":{"line":379,"column":14}}],"line":364}},"s":{"0":2,"1":1,"2":1,"3":1,"4":1,"5":1,"6":1,"7":0,"8":1,"9":0,"10":1,"11":1,"12":1,"13":1,"14":1,"15":1,"16":1,"17":0,"18":1,"19":1,"20":1,"21":0,"22":0,"23":0,"24":0,"25":0,"26":0,"27":0,"28":0,"29":1,"30":0,"31":0,"32":0,"33":0,"34":0,"35":1,"36":0,"37":0,"38":0,"39":0,"40":0,"41":0,"42":1,"43":0,"44":0,"45":0,"46":0,"47":0,"48":0,"49":0,"50":0,"51":0,"52":0,"53":0,"54":0,"55":0,"56":0,"57":1,"58":0,"59":0,"60":0,"61":0,"62":0,"63":0,"64":0,"65":0,"66":0,"67":0,"68":0,"69":0,"70":0,"71":0,"72":0,"73":0,"74":0,"75":0,"76":0,"77":0,"78":0,"79":0,"80":0,"81":0,"82":0},"f":{"0":2,"1":0,"2":0,"3":1,"4":1,"5":0,"6":0,"7":0,"8":0,"9":0,"10":0,"11":0,"12":0,"13":0,"14":0,"15":0,"16":0,"17":0,"18":0,"19":0,"20":0,"21":0,"22":0,"23":0,"24":0,"25":0,"26":0,"27":0,"28":0,"29":0,"30":0,"31":0},"b":{"0":[0,1],"1":[0,0],"2":[0,0],"3":[0,0],"4":[0,0],"5":[0,0],"6":[0,1],"7":[0,1],"8":[0,0],"9":[0,0],"10":[0,1]},"_coverageSchema":"1a1c01bbd47fc00a2c39e90264f33305004495a9","hash":"33d06fbc479f5b5cbece4718a54ccbe27ca90639"}
,"F:\\STUDIA 6\\ISI\\Operator\\OperatorInternetowy\\pai2-isi-gbnet\\src\\pages\\Client\\Profile\\UserData.jsx": {"path":"F:\\STUDIA 6\\ISI\\Operator\\OperatorInternetowy\\pai2-isi-gbnet\\src\\pages\\Client\\Profile\\UserData.jsx","statementMap":{"0":{"start":{"line":8,"column":40},"end":{"line":8,"column":67}},"1":{"start":{"line":9,"column":46},"end":{"line":9,"column":60}},"2":{"start":{"line":10,"column":54},"end":{"line":10,"column":68}},"3":{"start":{"line":11,"column":28},"end":{"line":11,"column":43}},"4":{"start":{"line":12,"column":32},"end":{"line":12,"column":46}},"5":{"start":{"line":13,"column":40},"end":{"line":13,"column":52}},"6":{"start":{"line":14,"column":54},"end":{"line":14,"column":66}},"7":{"start":{"line":15,"column":16},"end":{"line":15,"column":31}},"8":{"start":{"line":18,"column":4},"end":{"line":18,"column":23}},"9":{"start":{"line":19,"column":20},"end":{"line":22,"column":5}},"10":{"start":{"line":24,"column":18},"end":{"line":24,"column":30}},"11":{"start":{"line":25,"column":19},"end":{"line":33,"column":5}},"12":{"start":{"line":34,"column":4},"end":{"line":34,"column":61}},"13":{"start":{"line":36,"column":6},"end":{"line":36,"column":67}},"14":{"start":{"line":37,"column":21},"end":{"line":37,"column":60}},"15":{"start":{"line":38,"column":4},"end":{"line":54,"column":5}},"16":{"start":{"line":39,"column":18},"end":{"line":39,"column":67}},"17":{"start":{"line":41,"column":22},"end":{"line":44,"column":7}},"18":{"start":{"line":45,"column":6},"end":{"line":49,"column":7}},"19":{"start":{"line":46,"column":8},"end":{"line":46,"column":35}},"20":{"start":{"line":48,"column":8},"end":{"line":48,"column":27}},"21":{"start":{"line":51,"column":6},"end":{"line":51,"column":75}},"22":{"start":{"line":52,"column":6},"end":{"line":52,"column":49}},"23":{"start":{"line":53,"column":6},"end":{"line":53,"column":31}},"24":{"start":{"line":58,"column":4},"end":{"line":58,"column":23}},"25":{"start":{"line":59,"column":20},"end":{"line":69,"column":5}},"26":{"start":{"line":71,"column":19},"end":{"line":71,"column":71}},"27":{"start":{"line":72,"column":21},"end":{"line":72,"column":53}},"28":{"start":{"line":73,"column":4},"end":{"line":89,"column":5}},"29":{"start":{"line":74,"column":18},"end":{"line":74,"column":67}},"30":{"start":{"line":76,"column":22},"end":{"line":79,"column":7}},"31":{"start":{"line":80,"column":6},"end":{"line":84,"column":7}},"32":{"start":{"line":81,"column":8},"end":{"line":81,"column":35}},"33":{"start":{"line":83,"column":8},"end":{"line":83,"column":27}},"34":{"start":{"line":86,"column":6},"end":{"line":86,"column":75}},"35":{"start":{"line":87,"column":6},"end":{"line":87,"column":49}},"36":{"start":{"line":88,"column":6},"end":{"line":88,"column":31}},"37":{"start":{"line":92,"column":2},"end":{"line":301,"column":4}},"38":{"start":{"line":127,"column":33},"end":{"line":127,"column":63}},"39":{"start":{"line":176,"column":20},"end":{"line":176,"column":45}},"40":{"start":{"line":177,"column":20},"end":{"line":177,"column":63}},"41":{"start":{"line":178,"column":20},"end":{"line":178,"column":38}},"42":{"start":{"line":189,"column":20},"end":{"line":189,"column":63}},"43":{"start":{"line":190,"column":20},"end":{"line":190,"column":44}},"44":{"start":{"line":191,"column":20},"end":{"line":191,"column":38}},"45":{"start":{"line":221,"column":33},"end":{"line":221,"column":63}},"46":{"start":{"line":246,"column":33},"end":{"line":246,"column":70}},"47":{"start":{"line":264,"column":22},"end":{"line":264,"column":51}},"48":{"start":{"line":265,"column":22},"end":{"line":265,"column":65}},"49":{"start":{"line":266,"column":22},"end":{"line":266,"column":40}},"50":{"start":{"line":277,"column":22},"end":{"line":277,"column":65}},"51":{"start":{"line":278,"column":22},"end":{"line":278,"column":50}},"52":{"start":{"line":279,"column":22},"end":{"line":279,"column":40}}},"fnMap":{"0":{"name":"UserData","decl":{"start":{"line":7,"column":24},"end":{"line":7,"column":32}},"loc":{"start":{"line":7,"column":40},"end":{"line":302,"column":1}},"line":7},"1":{"name":"handlePasswordChange","decl":{"start":{"line":17,"column":17},"end":{"line":17,"column":37}},"loc":{"start":{"line":17,"column":41},"end":{"line":55,"column":3}},"line":17},"2":{"name":"handleSave","decl":{"start":{"line":57,"column":17},"end":{"line":57,"column":27}},"loc":{"start":{"line":57,"column":31},"end":{"line":90,"column":3}},"line":57},"3":{"name":"(anonymous_3)","decl":{"start":{"line":127,"column":26},"end":{"line":127,"column":27}},"loc":{"start":{"line":127,"column":33},"end":{"line":127,"column":63}},"line":127},"4":{"name":"(anonymous_4)","decl":{"start":{"line":175,"column":27},"end":{"line":175,"column":28}},"loc":{"start":{"line":175,"column":33},"end":{"line":179,"column":19}},"line":175},"5":{"name":"(anonymous_5)","decl":{"start":{"line":188,"column":27},"end":{"line":188,"column":28}},"loc":{"start":{"line":188,"column":33},"end":{"line":192,"column":19}},"line":188},"6":{"name":"(anonymous_6)","decl":{"start":{"line":221,"column":26},"end":{"line":221,"column":27}},"loc":{"start":{"line":221,"column":33},"end":{"line":221,"column":63}},"line":221},"7":{"name":"(anonymous_7)","decl":{"start":{"line":246,"column":26},"end":{"line":246,"column":27}},"loc":{"start":{"line":246,"column":33},"end":{"line":246,"column":70}},"line":246},"8":{"name":"(anonymous_8)","decl":{"start":{"line":263,"column":29},"end":{"line":263,"column":30}},"loc":{"start":{"line":263,"column":35},"end":{"line":267,"column":21}},"line":263},"9":{"name":"(anonymous_9)","decl":{"start":{"line":276,"column":29},"end":{"line":276,"column":30}},"loc":{"start":{"line":276,"column":35},"end":{"line":280,"column":21}},"line":276}},"branchMap":{"0":{"loc":{"start":{"line":38,"column":4},"end":{"line":54,"column":5}},"type":"if","locations":[{"start":{"line":38,"column":4},"end":{"line":54,"column":5}},{"start":{},"end":{}}],"line":38},"1":{"loc":{"start":{"line":45,"column":6},"end":{"line":49,"column":7}},"type":"if","locations":[{"start":{"line":45,"column":6},"end":{"line":49,"column":7}},{"start":{"line":47,"column":13},"end":{"line":49,"column":7}}],"line":45},"2":{"loc":{"start":{"line":73,"column":4},"end":{"line":89,"column":5}},"type":"if","locations":[{"start":{"line":73,"column":4},"end":{"line":89,"column":5}},{"start":{},"end":{}}],"line":73},"3":{"loc":{"start":{"line":80,"column":6},"end":{"line":84,"column":7}},"type":"if","locations":[{"start":{"line":80,"column":6},"end":{"line":84,"column":7}},{"start":{"line":82,"column":13},"end":{"line":84,"column":7}}],"line":80},"4":{"loc":{"start":{"line":124,"column":18},"end":{"line":124,"column":74}},"type":"cond-expr","locations":[{"start":{"line":124,"column":35},"end":{"line":124,"column":53}},{"start":{"line":124,"column":56},"end":{"line":124,"column":74}}],"line":124},"5":{"loc":{"start":{"line":126,"column":23},"end":{"line":126,"column":73}},"type":"cond-expr","locations":[{"start":{"line":126,"column":33},"end":{"line":126,"column":59}},{"start":{"line":126,"column":62},"end":{"line":126,"column":73}}],"line":126},"6":{"loc":{"start":{"line":170,"column":15},"end":{"line":183,"column":15}},"type":"binary-expr","locations":[{"start":{"line":170,"column":15},"end":{"line":170,"column":29}},{"start":{"line":171,"column":16},"end":{"line":182,"column":25}}],"line":170},"7":{"loc":{"start":{"line":184,"column":15},"end":{"line":196,"column":15}},"type":"binary-expr","locations":[{"start":{"line":184,"column":15},"end":{"line":184,"column":30}},{"start":{"line":185,"column":16},"end":{"line":195,"column":25}}],"line":184},"8":{"loc":{"start":{"line":197,"column":15},"end":{"line":201,"column":15}},"type":"binary-expr","locations":[{"start":{"line":197,"column":15},"end":{"line":197,"column":30}},{"start":{"line":198,"column":16},"end":{"line":200,"column":25}}],"line":197},"9":{"loc":{"start":{"line":218,"column":18},"end":{"line":218,"column":78}},"type":"cond-expr","locations":[{"start":{"line":218,"column":39},"end":{"line":218,"column":57}},{"start":{"line":218,"column":60},"end":{"line":218,"column":78}}],"line":218},"10":{"loc":{"start":{"line":237,"column":16},"end":{"line":240,"column":54}},"type":"cond-expr","locations":[{"start":{"line":239,"column":20},"end":{"line":239,"column":52}},{"start":{"line":240,"column":20},"end":{"line":240,"column":54}}],"line":237},"11":{"loc":{"start":{"line":237,"column":16},"end":{"line":238,"column":49}},"type":"binary-expr","locations":[{"start":{"line":237,"column":16},"end":{"line":237,"column":45}},{"start":{"line":238,"column":16},"end":{"line":238,"column":49}}],"line":237},"12":{"loc":{"start":{"line":243,"column":16},"end":{"line":243,"column":76}},"type":"cond-expr","locations":[{"start":{"line":243,"column":37},"end":{"line":243,"column":55}},{"start":{"line":243,"column":58},"end":{"line":243,"column":76}}],"line":243},"13":{"loc":{"start":{"line":251,"column":15},"end":{"line":256,"column":22}},"type":"cond-expr","locations":[{"start":{"line":253,"column":16},"end":{"line":255,"column":20}},{"start":{"line":256,"column":18},"end":{"line":256,"column":22}}],"line":251},"14":{"loc":{"start":{"line":251,"column":15},"end":{"line":252,"column":47}},"type":"binary-expr","locations":[{"start":{"line":251,"column":15},"end":{"line":251,"column":44}},{"start":{"line":252,"column":14},"end":{"line":252,"column":47}}],"line":251},"15":{"loc":{"start":{"line":258,"column":17},"end":{"line":271,"column":17}},"type":"binary-expr","locations":[{"start":{"line":258,"column":17},"end":{"line":258,"column":35}},{"start":{"line":259,"column":18},"end":{"line":270,"column":27}}],"line":258},"16":{"loc":{"start":{"line":272,"column":17},"end":{"line":284,"column":17}},"type":"binary-expr","locations":[{"start":{"line":272,"column":17},"end":{"line":272,"column":36}},{"start":{"line":273,"column":18},"end":{"line":283,"column":27}}],"line":272},"17":{"loc":{"start":{"line":285,"column":17},"end":{"line":294,"column":17}},"type":"binary-expr","locations":[{"start":{"line":285,"column":17},"end":{"line":285,"column":36}},{"start":{"line":286,"column":18},"end":{"line":293,"column":27}}],"line":285}},"s":{"0":6,"1":5,"2":5,"3":5,"4":5,"5":5,"6":5,"7":5,"8":0,"9":0,"10":0,"11":0,"12":0,"13":0,"14":0,"15":0,"16":0,"17":0,"18":0,"19":0,"20":0,"21":0,"22":0,"23":0,"24":0,"25":0,"26":0,"27":0,"28":0,"29":0,"30":0,"31":0,"32":0,"33":0,"34":0,"35":0,"36":0,"37":5,"38":1,"39":0,"40":0,"41":0,"42":0,"43":0,"44":0,"45":1,"46":1,"47":0,"48":0,"49":0,"50":0,"51":0,"52":0},"f":{"0":6,"1":0,"2":0,"3":1,"4":0,"5":0,"6":1,"7":1,"8":0,"9":0},"b":{"0":[0,0],"1":[0,0],"2":[0,0],"3":[0,0],"4":[5,0],"5":[5,0],"6":[5,5],"7":[5,0],"8":[5,0],"9":[5,0],"10":[0,5],"11":[5,1],"12":[5,0],"13":[0,5],"14":[5,1],"15":[5,5],"16":[5,0],"17":[5,0]},"_coverageSchema":"1a1c01bbd47fc00a2c39e90264f33305004495a9","hash":"a9ebf6f5b8a007d3a916b3f4a7ff8036b72fbac8"}
,"F:\\STUDIA 6\\ISI\\Operator\\OperatorInternetowy\\pai2-isi-gbnet\\src\\pages\\Client\\Reports\\Reports.jsx": {"path":"F:\\STUDIA 6\\ISI\\Operator\\OperatorInternetowy\\pai2-isi-gbnet\\src\\pages\\Client\\Reports\\Reports.jsx","statementMap":{"0":{"start":{"line":19,"column":19},"end":{"line":19,"column":215}},"1":{"start":{"line":22,"column":19},"end":{"line":22,"column":32}},"2":{"start":{"line":23,"column":34},"end":{"line":23,"column":46}},"3":{"start":{"line":24,"column":32},"end":{"line":24,"column":46}},"4":{"start":{"line":25,"column":16},"end":{"line":25,"column":31}},"5":{"start":{"line":27,"column":36},"end":{"line":27,"column":51}},"6":{"start":{"line":31,"column":40},"end":{"line":31,"column":52}},"7":{"start":{"line":32,"column":26},"end":{"line":32,"column":41}},"8":{"start":{"line":35,"column":4},"end":{"line":70,"column":5}},"9":{"start":{"line":36,"column":6},"end":{"line":36,"column":25}},"10":{"start":{"line":39,"column":19},"end":{"line":39,"column":31}},"11":{"start":{"line":40,"column":6},"end":{"line":40,"column":63}},"12":{"start":{"line":41,"column":19},"end":{"line":44,"column":7}},"13":{"start":{"line":45,"column":21},"end":{"line":53,"column":7}},"14":{"start":{"line":54,"column":21},"end":{"line":54,"column":79}},"15":{"start":{"line":55,"column":23},"end":{"line":55,"column":61}},"16":{"start":{"line":56,"column":6},"end":{"line":69,"column":7}},"17":{"start":{"line":57,"column":20},"end":{"line":57,"column":69}},"18":{"start":{"line":59,"column":24},"end":{"line":59,"column":79}},"19":{"start":{"line":60,"column":8},"end":{"line":64,"column":9}},"20":{"start":{"line":61,"column":10},"end":{"line":61,"column":37}},"21":{"start":{"line":63,"column":10},"end":{"line":63,"column":29}},"22":{"start":{"line":66,"column":8},"end":{"line":66,"column":77}},"23":{"start":{"line":67,"column":8},"end":{"line":67,"column":50}},"24":{"start":{"line":68,"column":8},"end":{"line":68,"column":33}},"25":{"start":{"line":73,"column":21},"end":{"line":73,"column":41}},"26":{"start":{"line":73,"column":27},"end":{"line":73,"column":41}},"27":{"start":{"line":76,"column":2},"end":{"line":100,"column":8}},"28":{"start":{"line":78,"column":19},"end":{"line":78,"column":31}},"29":{"start":{"line":79,"column":6},"end":{"line":79,"column":63}},"30":{"start":{"line":80,"column":18},"end":{"line":88,"column":8}},"31":{"start":{"line":89,"column":20},"end":{"line":94,"column":11}},"32":{"start":{"line":89,"column":50},"end":{"line":94,"column":9}},"33":{"start":{"line":95,"column":8},"end":{"line":95,"column":24}},"34":{"start":{"line":96,"column":8},"end":{"line":96,"column":25}},"35":{"start":{"line":99,"column":4},"end":{"line":99,"column":15}},"36":{"start":{"line":101,"column":2},"end":{"line":108,"column":3}},"37":{"start":{"line":102,"column":4},"end":{"line":107,"column":5}},"38":{"start":{"line":110,"column":2},"end":{"line":152,"column":3}},"39":{"start":{"line":116,"column":27},"end":{"line":116,"column":39}},"40":{"start":{"line":131,"column":14},"end":{"line":131,"column":45}},"41":{"start":{"line":132,"column":14},"end":{"line":132,"column":34}},"42":{"start":{"line":138,"column":12},"end":{"line":138,"column":25}},"43":{"start":{"line":143,"column":12},"end":{"line":143,"column":27}}},"fnMap":{"0":{"name":"Reports","decl":{"start":{"line":21,"column":24},"end":{"line":21,"column":31}},"loc":{"start":{"line":21,"column":34},"end":{"line":153,"column":1}},"line":21},"1":{"name":"handleSubmit","decl":{"start":{"line":33,"column":17},"end":{"line":33,"column":29}},"loc":{"start":{"line":33,"column":32},"end":{"line":72,"column":3}},"line":33},"2":{"name":"(anonymous_2)","decl":{"start":{"line":73,"column":21},"end":{"line":73,"column":22}},"loc":{"start":{"line":73,"column":27},"end":{"line":73,"column":41}},"line":73},"3":{"name":"(anonymous_3)","decl":{"start":{"line":76,"column":12},"end":{"line":76,"column":13}},"loc":{"start":{"line":76,"column":18},"end":{"line":100,"column":3}},"line":76},"4":{"name":"FetchData","decl":{"start":{"line":77,"column":19},"end":{"line":77,"column":28}},"loc":{"start":{"line":77,"column":30},"end":{"line":98,"column":5}},"line":77},"5":{"name":"(anonymous_5)","decl":{"start":{"line":89,"column":43},"end":{"line":89,"column":44}},"loc":{"start":{"line":89,"column":50},"end":{"line":94,"column":9}},"line":89},"6":{"name":"(anonymous_6)","decl":{"start":{"line":116,"column":19},"end":{"line":116,"column":20}},"loc":{"start":{"line":116,"column":25},"end":{"line":116,"column":41}},"line":116},"7":{"name":"(anonymous_7)","decl":{"start":{"line":130,"column":57},"end":{"line":130,"column":58}},"loc":{"start":{"line":130,"column":64},"end":{"line":133,"column":13}},"line":130},"8":{"name":"(anonymous_8)","decl":{"start":{"line":137,"column":39},"end":{"line":137,"column":40}},"loc":{"start":{"line":137,"column":45},"end":{"line":139,"column":11}},"line":137},"9":{"name":"(anonymous_9)","decl":{"start":{"line":142,"column":74},"end":{"line":142,"column":75}},"loc":{"start":{"line":142,"column":80},"end":{"line":144,"column":11}},"line":142}},"branchMap":{"0":{"loc":{"start":{"line":35,"column":4},"end":{"line":70,"column":5}},"type":"if","locations":[{"start":{"line":35,"column":4},"end":{"line":70,"column":5}},{"start":{"line":38,"column":9},"end":{"line":70,"column":5}}],"line":35},"1":{"loc":{"start":{"line":56,"column":6},"end":{"line":69,"column":7}},"type":"if","locations":[{"start":{"line":56,"column":6},"end":{"line":69,"column":7}},{"start":{},"end":{}}],"line":56},"2":{"loc":{"start":{"line":60,"column":8},"end":{"line":64,"column":9}},"type":"if","locations":[{"start":{"line":60,"column":8},"end":{"line":64,"column":9}},{"start":{"line":62,"column":15},"end":{"line":64,"column":9}}],"line":60},"3":{"loc":{"start":{"line":101,"column":2},"end":{"line":108,"column":3}},"type":"if","locations":[{"start":{"line":101,"column":2},"end":{"line":108,"column":3}},{"start":{},"end":{}}],"line":101},"4":{"loc":{"start":{"line":129,"column":13},"end":{"line":129,"column":117}},"type":"binary-expr","locations":[{"start":{"line":129,"column":13},"end":{"line":129,"column":22}},{"start":{"line":129,"column":26},"end":{"line":129,"column":117}}],"line":129}},"s":{"0":1,"1":4,"2":3,"3":3,"4":3,"5":3,"6":3,"7":3,"8":0,"9":0,"10":0,"11":0,"12":0,"13":0,"14":0,"15":0,"16":0,"17":0,"18":0,"19":0,"20":0,"21":0,"22":0,"23":0,"24":0,"25":3,"26":0,"27":3,"28":2,"29":2,"30":2,"31":2,"32":1,"33":2,"34":2,"35":2,"36":3,"37":2,"38":1,"39":0,"40":0,"41":0,"42":0,"43":0},"f":{"0":4,"1":0,"2":0,"3":2,"4":2,"5":1,"6":0,"7":0,"8":0,"9":0},"b":{"0":[0,0],"1":[0,0],"2":[0,0],"3":[2,1],"4":[1,0]},"_coverageSchema":"1a1c01bbd47fc00a2c39e90264f33305004495a9","hash":"1d7d3706ad529dd28807cbb246dc2c157d76dc6a"}
}
