TN:
SF:src\components\DateFormat.jsx
FN:1,DateFormat
FNF:1
FNH:1
FNDA:2,DateFormat
DA:2,2
DA:3,2
DA:4,2
DA:5,2
DA:6,2
DA:7,2
DA:9,2
LF:7
LH:7
BRF:0
BRH:0
end_of_record
TN:
SF:src\components\Notifications.jsx
FN:5,Notifications
FN:8,(anonymous_1)
FN:10,(anonymous_2)
FNF:3
FNH:0
FNDA:0,Notifications
FNDA:0,(anonymous_1)
FNDA:0,(anonymous_2)
DA:6,0
DA:7,0
DA:8,0
DA:9,0
DA:10,0
DA:11,0
DA:12,0
DA:13,0
DA:14,0
DA:19,0
LF:10
LH:0
BRDA:9,0,0,0
BRDA:9,0,1,0
BRDA:12,1,0,0
BRDA:12,1,1,0
BRDA:28,2,0,0
BRDA:28,2,1,0
BRDA:32,3,0,0
BRDA:32,3,1,0
BRF:8
BRH:0
end_of_record
TN:
SF:src\components\Table.jsx
FN:12,Table
FN:23,(anonymous_1)
FN:36,(anonymous_2)
FN:37,(anonymous_3)
FN:42,(anonymous_4)
FN:46,(anonymous_5)
FN:48,(anonymous_6)
FN:66,(anonymous_7)
FN:67,(anonymous_8)
FN:69,(anonymous_9)
FN:82,(anonymous_10)
FN:83,(anonymous_11)
FN:105,(anonymous_12)
FN:116,(anonymous_13)
FN:122,(anonymous_14)
FN:128,(anonymous_15)
FN:129,(anonymous_16)
FN:138,(anonymous_17)
FN:150,(anonymous_18)
FN:167,(anonymous_19)
FN:171,(anonymous_20)
FN:189,(anonymous_21)
FN:202,(anonymous_22)
FN:258,(anonymous_23)
FN:308,(anonymous_24)
FN:319,(anonymous_25)
FNF:26
FNH:13
FNDA:4,Table
FNDA:0,(anonymous_1)
FNDA:2,(anonymous_2)
FNDA:2,(anonymous_3)
FNDA:0,(anonymous_4)
FNDA:0,(anonymous_5)
FNDA:0,(anonymous_6)
FNDA:4,(anonymous_7)
FNDA:4,(anonymous_8)
FNDA:4,(anonymous_9)
FNDA:2,(anonymous_10)
FNDA:0,(anonymous_11)
FNDA:2,(anonymous_12)
FNDA:0,(anonymous_13)
FNDA:0,(anonymous_14)
FNDA:16,(anonymous_15)
FNDA:12,(anonymous_16)
FNDA:0,(anonymous_17)
FNDA:16,(anonymous_18)
FNDA:4,(anonymous_19)
FNDA:16,(anonymous_20)
FNDA:0,(anonymous_21)
FNDA:0,(anonymous_22)
FNDA:0,(anonymous_23)
FNDA:0,(anonymous_24)
FNDA:0,(anonymous_25)
DA:13,4
DA:14,4
DA:15,4
DA:16,4
DA:18,4
DA:19,4
DA:20,4
DA:21,4
DA:23,4
DA:24,0
DA:27,4
DA:30,4
DA:31,4
DA:32,4
DA:33,4
DA:36,4
DA:37,2
DA:38,2
DA:39,2
DA:41,0
DA:43,0
DA:46,0
DA:47,0
DA:49,0
DA:53,0
DA:54,0
DA:56,0
DA:59,0
DA:63,2
DA:66,4
DA:67,4
DA:68,4
DA:70,4
DA:75,4
DA:76,4
DA:78,0
DA:82,4
DA:83,2
DA:84,0
DA:85,0
DA:87,0
DA:88,0
DA:89,0
DA:90,0
DA:92,0
DA:93,0
DA:95,0
DA:96,0
DA:97,0
DA:101,2
DA:105,4
DA:106,2
DA:109,4
DA:116,0
DA:123,0
DA:128,16
DA:130,12
DA:139,0
DA:151,16
DA:168,4
DA:169,4
DA:172,16
DA:173,16
DA:174,12
DA:190,0
DA:203,0
DA:205,0
DA:213,0
DA:215,0
DA:219,0
DA:223,0
DA:226,0
DA:228,0
DA:234,0
DA:259,0
DA:261,0
DA:276,0
DA:281,0
DA:282,0
DA:283,0
DA:286,0
DA:287,0
DA:290,0
DA:308,0
DA:319,0
LF:85
LH:39
BRDA:38,0,0,2
BRDA:38,0,1,0
BRDA:43,1,0,0
BRDA:43,1,1,0
BRDA:49,2,0,0
BRDA:49,2,1,0
BRDA:53,3,0,0
BRDA:53,3,1,0
BRDA:70,4,0,4
BRDA:70,4,1,4
BRDA:75,5,0,4
BRDA:75,5,1,0
BRDA:87,6,0,0
BRDA:87,6,1,0
BRDA:87,7,0,0
BRDA:87,7,1,0
BRDA:88,8,0,0
BRDA:88,8,1,0
BRDA:88,9,0,0
BRDA:88,9,1,0
BRDA:89,10,0,0
BRDA:89,10,1,0
BRDA:89,11,0,0
BRDA:89,11,1,0
BRDA:95,12,0,0
BRDA:95,12,1,0
BRDA:95,13,0,0
BRDA:95,13,1,0
BRDA:96,14,0,0
BRDA:96,14,1,0
BRDA:96,15,0,0
BRDA:96,15,1,0
BRDA:166,16,0,4
BRDA:166,16,1,4
BRDA:173,17,0,12
BRDA:173,17,1,4
BRDA:185,18,0,4
BRDA:185,18,1,0
BRDA:203,19,0,0
BRDA:203,19,1,0
BRDA:239,20,0,0
BRDA:239,20,1,0
BRDA:241,21,0,0
BRDA:241,21,1,0
BRDA:247,22,0,0
BRDA:247,22,1,0
BRF:46
BRH:9
end_of_record
TN:
SF:src\pages\LoginPage.jsx
FN:9,LoginPage
FN:29,handleSubmit
FN:64,handleLogin
FN:174,(anonymous_3)
FN:194,(anonymous_4)
FN:249,(anonymous_5)
FN:260,(anonymous_6)
FN:319,(anonymous_7)
FNF:8
FNH:4
FNDA:9,LoginPage
FNDA:0,handleSubmit
FNDA:1,handleLogin
FNDA:0,(anonymous_3)
FNDA:0,(anonymous_4)
FNDA:0,(anonymous_5)
FNDA:1,(anonymous_6)
FNDA:2,(anonymous_7)
DA:10,9
DA:11,8
DA:12,8
DA:13,8
DA:14,8
DA:15,8
DA:16,8
DA:17,8
DA:18,8
DA:20,8
DA:21,8
DA:22,8
DA:23,8
DA:24,8
DA:25,8
DA:26,8
DA:27,8
DA:30,0
DA:31,0
DA:42,0
DA:43,0
DA:44,0
DA:46,0
DA:48,0
DA:52,0
DA:53,0
DA:55,0
DA:58,0
DA:59,0
DA:60,0
DA:63,8
DA:65,1
DA:67,1
DA:68,1
DA:72,1
DA:73,1
DA:76,0
DA:83,0
DA:87,0
DA:89,0
DA:91,0
DA:92,0
DA:94,0
DA:97,8
DA:174,0
DA:194,0
DA:250,0
DA:261,1
DA:320,2
LF:49
LH:26
BRDA:38,0,0,0
BRDA:38,0,1,0
BRDA:44,1,0,0
BRDA:44,1,1,0
BRDA:52,2,0,0
BRDA:52,2,1,0
BRDA:89,3,0,0
BRDA:89,3,1,0
BRDA:99,4,0,2
BRDA:99,4,1,6
BRDA:185,5,0,0
BRDA:185,5,1,2
BRDA:185,6,0,2
BRDA:185,6,1,0
BRDA:197,7,0,0
BRDA:197,7,1,2
BRDA:197,8,0,2
BRDA:197,8,1,0
BRDA:223,9,0,0
BRDA:223,9,1,2
BRDA:350,10,0,1
BRDA:350,10,1,5
BRF:22
BRH:9
end_of_record
TN:
SF:src\pages\Admin\AdminLayout.jsx
FN:25,TreeNode
FN:28,(anonymous_1)
FN:47,(anonymous_2)
FN:59,AdminLayout
FN:64,(anonymous_4)
FN:100,(anonymous_5)
FN:105,(anonymous_6)
FN:111,(anonymous_7)
FN:112,(anonymous_8)
FN:123,(anonymous_9)
FN:128,(anonymous_10)
FN:276,(anonymous_11)
FN:277,(anonymous_12)
FN:305,(anonymous_13)
FN:327,(anonymous_14)
FNF:15
FNH:6
FNDA:4,TreeNode
FNDA:0,(anonymous_1)
FNDA:0,(anonymous_2)
FNDA:2,AdminLayout
FNDA:0,(anonymous_4)
FNDA:2,(anonymous_5)
FNDA:2,(anonymous_6)
FNDA:2,(anonymous_7)
FNDA:0,(anonymous_8)
FNDA:2,(anonymous_9)
FNDA:0,(anonymous_10)
FNDA:0,(anonymous_11)
FNDA:0,(anonymous_12)
FNDA:0,(anonymous_13)
FNDA:0,(anonymous_14)
DA:26,4
DA:28,4
DA:29,0
DA:30,0
DA:31,0
DA:34,4
DA:48,0
DA:60,2
DA:61,2
DA:62,2
DA:64,2
DA:65,0
DA:66,0
DA:67,0
DA:68,0
DA:69,0
DA:70,0
DA:71,0
DA:72,0
DA:73,0
DA:74,0
DA:75,0
DA:76,0
DA:77,0
DA:78,0
DA:79,0
DA:80,0
DA:81,0
DA:82,0
DA:83,0
DA:84,0
DA:85,0
DA:86,0
DA:87,0
DA:88,0
DA:89,0
DA:90,0
DA:91,0
DA:92,0
DA:93,0
DA:94,0
DA:97,2
DA:98,2
DA:99,2
DA:100,2
DA:101,2
DA:102,0
DA:105,2
DA:106,2
DA:107,2
DA:108,0
DA:111,2
DA:112,2
DA:113,0
DA:114,0
DA:117,0
DA:121,2
DA:123,2
DA:124,2
DA:128,2
DA:129,0
DA:130,0
DA:131,0
DA:132,0
DA:138,2
DA:222,2
DA:276,2
DA:277,2
DA:278,2
DA:280,2
DA:305,0
DA:328,0
LF:72
LH:27
BRDA:45,0,0,4
BRDA:45,0,1,0
BRDA:45,0,2,0
BRDA:65,1,0,0
BRDA:65,1,1,0
BRDA:68,2,0,0
BRDA:68,2,1,0
BRDA:71,3,0,0
BRDA:71,3,1,0
BRDA:74,4,0,0
BRDA:74,4,1,0
BRDA:77,5,0,0
BRDA:77,5,1,0
BRDA:80,6,0,0
BRDA:80,6,1,0
BRDA:83,7,0,0
BRDA:83,7,1,0
BRDA:86,8,0,0
BRDA:86,8,1,0
BRDA:89,9,0,0
BRDA:89,9,1,0
BRDA:92,10,0,0
BRDA:92,10,1,0
BRDA:101,11,0,0
BRDA:101,11,1,2
BRDA:107,12,0,0
BRDA:107,12,1,2
BRDA:113,13,0,0
BRDA:113,13,1,0
BRDA:287,14,0,0
BRDA:287,14,1,2
BRDA:316,15,0,0
BRDA:316,15,1,2
BRF:33
BRH:5
end_of_record
TN:
SF:src\pages\Admin\Clients\ClientAdd.jsx
FN:7,ClientAdd
FN:24,handleSubmit
FN:128,(anonymous_2)
FN:149,(anonymous_3)
FN:203,(anonymous_4)
FNF:5
FNH:4
FNDA:5,ClientAdd
FNDA:1,handleSubmit
FNDA:1,(anonymous_2)
FNDA:1,(anonymous_3)
FNDA:0,(anonymous_4)
DA:8,5
DA:9,4
DA:10,4
DA:11,4
DA:12,4
DA:13,4
DA:14,4
DA:15,4
DA:16,4
DA:17,4
DA:18,4
DA:19,4
DA:20,4
DA:25,1
DA:26,1
DA:37,1
DA:38,1
DA:39,1
DA:41,1
DA:43,1
DA:47,1
DA:49,0
DA:51,1
DA:54,1
DA:55,1
DA:56,1
DA:59,4
DA:128,1
DA:149,1
DA:204,0
LF:30
LH:28
BRDA:33,0,0,0
BRDA:33,0,1,1
BRDA:39,1,0,1
BRDA:39,1,1,0
BRDA:47,2,0,0
BRDA:47,2,1,1
BRDA:139,3,0,0
BRDA:139,3,1,4
BRDA:139,4,0,4
BRDA:139,4,1,1
BRDA:152,5,0,0
BRDA:152,5,1,4
BRDA:152,6,0,4
BRDA:152,6,1,1
BRDA:178,7,0,0
BRDA:178,7,1,4
BRF:16
BRH:10
end_of_record
TN:
SF:src\pages\Admin\Offers\AdminOfferDetail.jsx
FN:10,AdminOfferDetail
FN:28,(anonymous_1)
FN:34,(anonymous_2)
FN:36,fetchProduct
FN:54,handleEdit
FN:129,(anonymous_5)
FN:142,(anonymous_6)
FN:173,(anonymous_7)
FN:189,(anonymous_8)
FN:204,(anonymous_9)
FN:217,(anonymous_10)
FNF:11
FNH:4
FNDA:4,AdminOfferDetail
FNDA:3,(anonymous_1)
FNDA:3,(anonymous_2)
FNDA:3,fetchProduct
FNDA:0,handleEdit
FNDA:0,(anonymous_5)
FNDA:0,(anonymous_6)
FNDA:0,(anonymous_7)
FNDA:0,(anonymous_8)
FNDA:0,(anonymous_9)
FNDA:0,(anonymous_10)
DA:11,4
DA:12,3
DA:13,3
DA:14,3
DA:15,3
DA:16,3
DA:17,3
DA:18,3
DA:19,3
DA:20,3
DA:21,3
DA:22,3
DA:23,3
DA:24,3
DA:25,3
DA:28,3
DA:29,3
DA:30,3
DA:31,0
DA:34,3
DA:38,3
DA:46,0
DA:47,0
DA:48,0
DA:49,0
DA:50,0
DA:52,3
DA:55,0
DA:56,0
DA:65,0
DA:68,0
DA:81,0
DA:91,0
DA:92,0
DA:93,0
DA:94,0
DA:96,0
DA:98,0
DA:102,0
DA:104,0
DA:106,0
DA:109,0
DA:110,0
DA:111,0
DA:112,0
DA:115,3
DA:130,0
DA:143,0
DA:173,0
DA:190,0
DA:205,0
DA:218,0
DA:219,0
DA:220,0
DA:221,0
LF:55
LH:22
BRDA:30,0,0,0
BRDA:30,0,1,3
BRDA:65,1,0,0
BRDA:65,1,1,0
BRDA:94,2,0,0
BRDA:94,2,1,0
BRDA:102,3,0,0
BRDA:102,3,1,0
BRDA:164,4,0,3
BRDA:164,4,1,0
BRDA:199,5,0,3
BRDA:199,5,1,0
BRF:12
BRH:3
end_of_record
TN:
SF:src\pages\Admin\Reports\AdminReports.jsx
FN:11,AdminReports
FN:15,(anonymous_1)
FN:16,fetchData
FN:19,(anonymous_3)
FNF:4
FNH:4
FNDA:4,AdminReports
FNDA:2,(anonymous_1)
FNDA:2,fetchData
FNDA:1,(anonymous_3)
DA:9,1
DA:12,4
DA:13,3
DA:14,3
DA:15,3
DA:17,2
DA:18,2
DA:19,2
DA:25,2
DA:26,2
DA:29,2
DA:32,3
DA:33,2
DA:39,1
LF:14
LH:14
BRDA:32,0,0,2
BRDA:32,0,1,1
BRF:2
BRH:2
end_of_record
TN:
SF:src\pages\Client\ClientLayout.jsx
FN:35,ClientLayout
FN:42,(anonymous_1)
FN:43,(anonymous_2)
FN:48,(anonymous_3)
FN:54,getUserData
FN:70,(anonymous_5)
FN:82,(anonymous_6)
FN:88,handleClickNot
FN:100,(anonymous_8)
FN:104,sortNotificationsByDate
FN:105,(anonymous_10)
FN:114,(anonymous_11)
FN:123,formatNotificationTime
FN:152,(anonymous_13)
FN:166,(anonymous_14)
FN:178,(anonymous_15)
FN:190,(anonymous_16)
FN:202,(anonymous_17)
FN:213,(anonymous_18)
FN:237,(anonymous_19)
FN:238,(anonymous_20)
FN:250,(anonymous_21)
FN:254,(anonymous_22)
FN:301,(anonymous_23)
FN:312,(anonymous_24)
FN:322,(anonymous_25)
FN:330,(anonymous_26)
FN:338,(anonymous_27)
FN:346,(anonymous_28)
FN:353,(anonymous_29)
FN:370,(anonymous_30)
FN:382,(anonymous_31)
FNF:32
FNH:3
FNDA:2,ClientLayout
FNDA:0,(anonymous_1)
FNDA:0,(anonymous_2)
FNDA:1,(anonymous_3)
FNDA:1,getUserData
FNDA:0,(anonymous_5)
FNDA:0,(anonymous_6)
FNDA:0,handleClickNot
FNDA:0,(anonymous_8)
FNDA:0,sortNotificationsByDate
FNDA:0,(anonymous_10)
FNDA:0,(anonymous_11)
FNDA:0,formatNotificationTime
FNDA:0,(anonymous_13)
FNDA:0,(anonymous_14)
FNDA:0,(anonymous_15)
FNDA:0,(anonymous_16)
FNDA:0,(anonymous_17)
FNDA:0,(anonymous_18)
FNDA:0,(anonymous_19)
FNDA:0,(anonymous_20)
FNDA:0,(anonymous_21)
FNDA:0,(anonymous_22)
FNDA:0,(anonymous_23)
FNDA:0,(anonymous_24)
FNDA:0,(anonymous_25)
FNDA:0,(anonymous_26)
FNDA:0,(anonymous_27)
FNDA:0,(anonymous_28)
FNDA:0,(anonymous_29)
FNDA:0,(anonymous_30)
FNDA:0,(anonymous_31)
DA:36,2
DA:37,1
DA:38,1
DA:39,1
DA:40,1
DA:41,1
DA:42,1
DA:43,1
DA:44,1
DA:45,1
DA:46,1
DA:47,1
DA:48,1
DA:49,1
DA:50,1
DA:51,0
DA:55,1
DA:56,1
DA:57,1
DA:69,0
DA:70,0
DA:71,0
DA:72,0
DA:75,0
DA:79,0
DA:82,0
DA:85,1
DA:89,0
DA:90,0
DA:91,0
DA:97,0
DA:98,0
DA:100,1
DA:101,0
DA:105,0
DA:106,0
DA:107,0
DA:108,0
DA:111,0
DA:114,1
DA:115,0
DA:116,0
DA:117,0
DA:118,0
DA:124,0
DA:125,0
DA:127,0
DA:131,0
DA:132,0
DA:133,0
DA:134,0
DA:135,0
DA:137,0
DA:138,0
DA:141,1
DA:153,0
DA:154,0
DA:167,0
DA:168,0
DA:179,0
DA:180,0
DA:191,0
DA:192,0
DA:203,0
DA:204,0
DA:214,0
DA:215,0
DA:237,0
DA:238,0
DA:251,0
DA:255,0
DA:301,0
DA:312,0
DA:322,0
DA:330,0
DA:338,0
DA:346,0
DA:353,0
DA:371,0
DA:383,0
LF:80
LH:22
BRDA:50,0,0,0
BRDA:50,0,1,1
BRDA:71,1,0,0
BRDA:71,1,1,0
BRDA:75,2,0,0
BRDA:75,2,1,0
BRDA:89,3,0,0
BRDA:89,3,1,0
BRDA:131,4,0,0
BRDA:131,4,1,0
BRDA:133,5,0,0
BRDA:133,5,1,0
BRDA:237,6,0,0
BRDA:237,6,1,1
BRDA:249,7,0,0
BRDA:249,7,1,1
BRDA:267,8,0,0
BRDA:267,8,1,0
BRDA:281,9,0,0
BRDA:281,9,1,0
BRDA:364,10,0,0
BRDA:364,10,1,1
BRF:22
BRH:4
end_of_record
TN:
SF:src\pages\Client\Profile\UserData.jsx
FN:7,UserData
FN:17,handlePasswordChange
FN:57,handleSave
FN:127,(anonymous_3)
FN:175,(anonymous_4)
FN:188,(anonymous_5)
FN:221,(anonymous_6)
FN:246,(anonymous_7)
FN:263,(anonymous_8)
FN:276,(anonymous_9)
FNF:10
FNH:4
FNDA:6,UserData
FNDA:0,handlePasswordChange
FNDA:0,handleSave
FNDA:1,(anonymous_3)
FNDA:0,(anonymous_4)
FNDA:0,(anonymous_5)
FNDA:1,(anonymous_6)
FNDA:1,(anonymous_7)
FNDA:0,(anonymous_8)
FNDA:0,(anonymous_9)
DA:8,6
DA:9,5
DA:10,5
DA:11,5
DA:12,5
DA:13,5
DA:14,5
DA:15,5
DA:18,0
DA:19,0
DA:24,0
DA:25,0
DA:34,0
DA:36,0
DA:37,0
DA:38,0
DA:39,0
DA:41,0
DA:45,0
DA:46,0
DA:48,0
DA:51,0
DA:52,0
DA:53,0
DA:58,0
DA:59,0
DA:71,0
DA:72,0
DA:73,0
DA:74,0
DA:76,0
DA:80,0
DA:81,0
DA:83,0
DA:86,0
DA:87,0
DA:88,0
DA:92,5
DA:127,1
DA:176,0
DA:177,0
DA:178,0
DA:189,0
DA:190,0
DA:191,0
DA:221,1
DA:246,1
DA:264,0
DA:265,0
DA:266,0
DA:277,0
DA:278,0
DA:279,0
LF:53
LH:12
BRDA:38,0,0,0
BRDA:38,0,1,0
BRDA:45,1,0,0
BRDA:45,1,1,0
BRDA:73,2,0,0
BRDA:73,2,1,0
BRDA:80,3,0,0
BRDA:80,3,1,0
BRDA:124,4,0,5
BRDA:124,4,1,0
BRDA:126,5,0,5
BRDA:126,5,1,0
BRDA:170,6,0,5
BRDA:170,6,1,5
BRDA:184,7,0,5
BRDA:184,7,1,0
BRDA:197,8,0,5
BRDA:197,8,1,0
BRDA:218,9,0,5
BRDA:218,9,1,0
BRDA:237,10,0,0
BRDA:237,10,1,5
BRDA:237,11,0,5
BRDA:237,11,1,1
BRDA:243,12,0,5
BRDA:243,12,1,0
BRDA:251,13,0,0
BRDA:251,13,1,5
BRDA:251,14,0,5
BRDA:251,14,1,1
BRDA:258,15,0,5
BRDA:258,15,1,5
BRDA:272,16,0,5
BRDA:272,16,1,0
BRDA:285,17,0,5
BRDA:285,17,1,0
BRF:36
BRH:18
end_of_record
TN:
SF:src\pages\Client\Reports\Reports.jsx
FN:21,Reports
FN:33,handleSubmit
FN:73,(anonymous_2)
FN:76,(anonymous_3)
FN:77,FetchData
FN:89,(anonymous_5)
FN:116,(anonymous_6)
FN:130,(anonymous_7)
FN:137,(anonymous_8)
FN:142,(anonymous_9)
FNF:10
FNH:4
FNDA:4,Reports
FNDA:0,handleSubmit
FNDA:0,(anonymous_2)
FNDA:2,(anonymous_3)
FNDA:2,FetchData
FNDA:1,(anonymous_5)
FNDA:0,(anonymous_6)
FNDA:0,(anonymous_7)
FNDA:0,(anonymous_8)
FNDA:0,(anonymous_9)
DA:19,1
DA:22,4
DA:23,3
DA:24,3
DA:25,3
DA:27,3
DA:31,3
DA:32,3
DA:35,0
DA:36,0
DA:39,0
DA:40,0
DA:41,0
DA:45,0
DA:54,0
DA:55,0
DA:56,0
DA:57,0
DA:59,0
DA:60,0
DA:61,0
DA:63,0
DA:66,0
DA:67,0
DA:68,0
DA:73,3
DA:76,3
DA:78,2
DA:79,2
DA:80,2
DA:89,2
DA:95,2
DA:96,2
DA:99,2
DA:101,3
DA:102,2
DA:110,1
DA:116,0
DA:131,0
DA:132,0
DA:138,0
DA:143,0
LF:42
LH:20
BRDA:35,0,0,0
BRDA:35,0,1,0
BRDA:56,1,0,0
BRDA:56,1,1,0
BRDA:60,2,0,0
BRDA:60,2,1,0
BRDA:101,3,0,2
BRDA:101,3,1,1
BRDA:129,4,0,1
BRDA:129,4,1,0
BRF:10
BRH:3
end_of_record
