TN:
SF:src\pages\Client\Offers\OfferDetail.jsx
FN:11,OfferDetail
FN:17,(anonymous_1)
FN:18,fetchData
FN:47,(anonymous_3)
FN:70,(anonymous_4)
FNF:5
FNH:3
FNDA:2,OfferDetail
FNDA:1,(anonymous_1)
FNDA:1,fetchData
FNDA:0,(anonymous_3)
FNDA:0,(anonymous_4)
DA:12,2
DA:13,1
DA:14,1
DA:15,1
DA:16,1
DA:17,1
DA:19,1
DA:20,1
DA:28,1
DA:29,1
DA:31,1
DA:32,1
DA:34,0
DA:35,0
DA:37,0
DA:38,0
DA:41,1
DA:44,1
DA:47,0
DA:70,0
DA:71,0
DA:72,0
DA:73,0
LF:23
LH:14
BRDA:29,0,0,1
BRDA:29,0,1,0
BRDA:29,0,2,0
BRDA:51,1,0,1
BRDA:51,1,1,0
BRDA:54,2,0,1
BRDA:54,2,1,0
BRDA:79,3,0,1
BRDA:79,3,1,0
BRDA:79,3,2,0
BRF:10
BRH:4
end_of_record
